2023-03-07 17:29:11.851 [info] Added views:workbench.panel.markers.view in workbench.panel.markers
2023-03-07 17:29:11.851 [info] Added views:workbench.panel.output in workbench.panel.output
2023-03-07 17:29:11.851 [info] Added views:terminal in terminal
2023-03-07 17:29:11.851 [info] Added views:outline in workbench.view.explorer
2023-03-07 17:29:11.851 [info] Added views:workbench.scm in workbench.view.scm
2023-03-07 17:29:11.851 [info] Added views:workbench.view.search in workbench.view.search
2023-03-07 17:29:11.851 [info] Added views:timeline in workbench.view.explorer
2023-03-07 17:29:11.851 [info] Added views:workbench.explorer.emptyView in workbench.view.explorer
2023-03-07 17:29:12.223 [info] Added views:workbench.debug.variablesView,workbench.debug.watchExpressionsView,workbench.debug.callStackView,workbench.debug.breakPointsView in workbench.view.debug
2023-03-07 17:29:12.861 [info] Added views:cell-tag in workbench.view.extension.jupyter
2023-03-07 17:29:13.153 [info] Added views:workbench.panel.repl.view in workbench.panel.repl
2023-03-07 17:29:13.155 [info] Removed views:workbench.debug.breakPointsView,workbench.debug.callStackView,workbench.debug.watchExpressionsView,workbench.debug.variablesView from workbench.view.debug
2023-03-07 17:29:13.157 [info] Added views:workbench.debug.welcome in workbench.view.debug
2023-03-07 17:29:26.473 [info] Added views:workbench.panel.markers.view in workbench.panel.markers
2023-03-07 17:29:26.473 [info] Added views:workbench.panel.output in workbench.panel.output
2023-03-07 17:29:26.473 [info] Added views:terminal in terminal
2023-03-07 17:29:26.473 [info] Added views:outline in workbench.view.explorer
2023-03-07 17:29:26.473 [info] Added views:workbench.scm in workbench.view.scm
2023-03-07 17:29:26.473 [info] Added views:workbench.view.search in workbench.view.search
2023-03-07 17:29:26.473 [info] Added views:timeline in workbench.view.explorer
2023-03-07 17:29:26.473 [info] Added views:workbench.explorer.fileView in workbench.view.explorer
2023-03-07 17:29:26.824 [info] Added views:workbench.debug.variablesView,workbench.debug.watchExpressionsView,workbench.debug.callStackView,workbench.debug.breakPointsView in workbench.view.debug
2023-03-07 17:29:27.189 [info] Added views:workbench.panel.repl.view in workbench.panel.repl
2023-03-07 17:29:27.190 [info] Removed views:workbench.debug.breakPointsView,workbench.debug.callStackView,workbench.debug.watchExpressionsView,workbench.debug.variablesView from workbench.view.debug
2023-03-07 17:29:27.190 [info] Added views:workbench.debug.welcome in workbench.view.debug
2023-03-07 17:29:33.600 [info] Added views:cell-tag in workbench.view.extension.jupyter
2023-03-07 17:32:50.622 [info] Added views:workbench.debug.breakPointsView in workbench.view.debug
2023-03-07 17:32:56.809 [info] Removed views:workbench.debug.welcome from workbench.view.debug
2023-03-07 17:32:56.811 [info] Added views:workbench.debug.variablesView,workbench.debug.watchExpressionsView,workbench.debug.callStackView,workbench.debug.loadedScriptsView in workbench.view.debug
2023-03-07 17:32:57.112 [info] Removed views:workbench.debug.loadedScriptsView,workbench.debug.callStackView,workbench.debug.watchExpressionsView,workbench.debug.variablesView from workbench.view.debug
2023-03-07 17:32:57.113 [info] Added views:workbench.debug.welcome in workbench.view.debug
2023-03-07 17:32:57.114 [info] Removed views:workbench.debug.welcome from workbench.view.debug
2023-03-07 17:32:57.115 [info] Added views:workbench.debug.variablesView,workbench.debug.watchExpressionsView,workbench.debug.callStackView,workbench.debug.loadedScriptsView in workbench.view.debug
2023-03-07 17:32:57.133 [info] Removed views:workbench.debug.loadedScriptsView,workbench.debug.callStackView,workbench.debug.watchExpressionsView,workbench.debug.variablesView from workbench.view.debug
2023-03-07 17:32:57.134 [info] Added views:workbench.debug.welcome in workbench.view.debug
