2023-03-07 17:29:10.327 [info] update#setState idle
2023-03-07 17:29:11.912 [info] [UtilityProcess id: 1, type: extensionHost, pid: <none>]: creating new...
2023-03-07 17:29:11.925 [info] [UtilityProcess id: 1, type: extensionHost, pid: 2768]: successfully created
2023-03-07 17:29:25.922 [info] [UtilityProcess id: 1, type: extensionHost, pid: 2768]: received exit event with code 0
2023-03-07 17:29:25.923 [info] Extension host with pid 2768 exited with code: 0, signal: unknown.
2023-03-07 17:29:26.550 [info] [UtilityProcess id: 2, type: extensionHost, pid: <none>]: creating new...
2023-03-07 17:29:26.553 [info] [UtilityProcess id: 2, type: extensionHost, pid: 2789]: successfully created
2023-03-07 17:29:40.189 [info] update#setState checking for updates
2023-03-07 17:29:40.588 [info] update#setState idle
2023-03-07 18:29:40.216 [info] update#setState checking for updates
2023-03-07 18:29:40.493 [info] update#setState idle
2023-03-07 19:29:40.328 [info] update#setState checking for updates
2023-03-07 19:29:40.608 [info] update#setState idle
2023-03-07 20:29:40.404 [info] update#setState checking for updates
2023-03-07 20:29:40.674 [info] update#setState idle
2023-03-07 21:43:46.687 [info] update#setState checking for updates
2023-03-07 21:43:46.875 [info] update#setState idle
2023-03-07 22:44:50.950 [info] update#setState checking for updates
2023-03-07 22:44:51.131 [info] update#setState idle
2023-03-07 23:44:50.958 [info] update#setState checking for updates
2023-03-07 23:44:51.169 [info] update#setState idle
2023-03-08 00:44:51.064 [info] update#setState checking for updates
2023-03-08 00:44:51.268 [info] update#setState idle
2023-03-08 01:44:51.142 [info] update#setState checking for updates
2023-03-08 01:44:51.324 [info] update#setState idle
2023-03-08 02:44:51.219 [info] update#setState checking for updates
2023-03-08 02:44:51.407 [info] update#setState idle
