1678028837963	geckodriver	INFO	Listening on 127.0.0.1:51208
1678028838482	mozrunner::runner	INFO	Running command: "/Applications/Firefox.app/Contents/MacOS/firefox-bin" "--marionette" "--remote-debugging-port" "51209" "--r ... s" "localhost" "-foreground" "-no-remote" "-profile" "/var/folders/ds/1gc2g5316rn11p6rh4jrhjvc0000gn/T/rust_mozprofileVJCmzp"
console.warn: services.settings: Ignoring preference override of remote settings server
console.warn: services.settings: Allow by setting MOZ_REMOTE_SETTINGS_DEVTOOLS=1 in the environment
1678028838999	Marionette	INFO	Marionette enabled
1678028839154	Marionette	INFO	Listening on port 51215
console.error: "Warning: unrecognized command line flag -remote-allow-hosts\n"
Read port: 51215
WebDriver BiDi listening on ws://127.0.0.1:51209
1678028839504	RemoteAgent	WARN	TLS certificate errors will be ignored for this session
console.warn: SearchSettings: "get: No settings file exists, new profile?" (new NotFoundError("Could not open the file at /var/folders/ds/1gc2g5316rn11p6rh4jrhjvc0000gn/T/rust_mozprofileVJCmzp/search.json.mozlz4", (void 0)))
DevTools listening on ws://127.0.0.1:51209/devtools/browser/d9544a52-35ea-4ec1-8e4e-0b3c9fad2911
1   HIToolbox                           0x00007ff820549726 _ZN15MenuBarInstance22EnsureAutoShowObserverEv + 102
2   HIToolbox                           0x00007ff8205492b8 _ZN15MenuBarInstance14EnableAutoShowEv + 52
3   HIToolbox                           0x00007ff8204ed908 SetMenuBarObscured + 408
4   HIToolbox                           0x00007ff8204ed4ca _ZN13HIApplication15HandleActivatedEP14OpaqueEventRefhP15OpaqueWindowPtrh + 164
5   HIToolbox                           0x00007ff8204e7996 _ZN13HIApplication13EventObserverEjP14OpaqueEventRefPv + 252
6   HIToolbox                           0x00007ff8204afbd2 _NotifyEventLoopObservers + 153
7   HIToolbox                           0x00007ff8204e73e6 AcquireEventFromQueue + 494
8   HIToolbox                           0x00007ff8204d65a4 ReceiveNextEventCommon + 725
9   HIToolbox                           0x00007ff8204d62b3 _BlockUntilNextEventMatchingListInModeWithFilter + 70
10  AppKit                              0x00007ff819cd92f3 _DPSNextEvent + 909
11  AppKit                              0x00007ff819cd8174 -[NSApplication(NSEvent) _nextEventMatchingEventMask:untilDate:inMode:dequeue:] + 1219
12  XUL                                 0x0000000117fe2fce _ZN14nsXPTCStubBase7Stub249Ev + 12293550
13  AppKit                              0x00007ff819cca7b7 -[NSApplication run] + 586
14  XUL                                 0x0000000117fe3e91 _ZN14nsXPTCStubBase7Stub249Ev + 12297329
15  XUL                                 0x000000011bdf504c workerlz4_decompress + 413612
16  XUL                                 0x0000000118476459 workerlz4_maxCompressedSize + 446073
17  XUL                                 0x000000011be7905c workerlz4_decompress + 954300
18  XUL                                 0x000000011be7947c workerlz4_decompress + 955356
19  firefox-bin                         0x00000001064dffe5 firefox-bin + 8165
20  dyld                                0x00007ff81677c310 start + 2432
console.warn: LoginRecipes: "Falling back to a synchronous message for: https://consent.google.com."
1   HIToolbox                           0x00007ff8204d60c2 _ZN15MenuBarInstance22RemoveAutoShowObserverEv + 30
2   HIToolbox                           0x00007ff8204ed7e3 SetMenuBarObscured + 115
3   HIToolbox                           0x00007ff8204f429e _ZN13HIApplication11FrontUILostEv + 34
4   HIToolbox                           0x00007ff8204ed622 _ZN13HIApplication15HandleActivatedEP14OpaqueEventRefhP15OpaqueWindowPtrh + 508
5   HIToolbox                           0x00007ff8204e7950 _ZN13HIApplication13EventObserverEjP14OpaqueEventRefPv + 182
6   HIToolbox                           0x00007ff8204afbd2 _NotifyEventLoopObservers + 153
7   HIToolbox                           0x00007ff8204e73e6 AcquireEventFromQueue + 494
8   HIToolbox                           0x00007ff8204d65a4 ReceiveNextEventCommon + 725
9   HIToolbox                           0x00007ff8204d62b3 _BlockUntilNextEventMatchingListInModeWithFilter + 70
10  AppKit                              0x00007ff819cd92f3 _DPSNextEvent + 909
11  AppKit                              0x00007ff819cd8174 -[NSApplication(NSEvent) _nextEventMatchingEventMask:untilDate:inMode:dequeue:] + 1219
12  XUL                                 0x0000000117fe2fce _ZN14nsXPTCStubBase7Stub249Ev + 12293550
13  AppKit                              0x00007ff819cca7b7 -[NSApplication run] + 586
14  XUL                                 0x0000000117fe3e91 _ZN14nsXPTCStubBase7Stub249Ev + 12297329
15  XUL                                 0x000000011bdf504c workerlz4_decompress + 413612
16  XUL                                 0x0000000118476459 workerlz4_maxCompressedSize + 446073
17  XUL                                 0x000000011be7905c workerlz4_decompress + 954300
18  XUL                                 0x000000011be7947c workerlz4_decompress + 955356
19  firefox-bin                         0x00000001064dffe5 firefox-bin + 8165
20  dyld                                0x00007ff81677c310 start + 2432
1   HIToolbox                           0x00007ff820549726 _ZN15MenuBarInstance22EnsureAutoShowObserverEv + 102
2   HIToolbox                           0x00007ff8204ed852 SetMenuBarObscured + 226
3   HIToolbox                           0x00007ff8204ed4ca _ZN13HIApplication15HandleActivatedEP14OpaqueEventRefhP15OpaqueWindowPtrh + 164
4   HIToolbox                           0x00007ff8204e7996 _ZN13HIApplication13EventObserverEjP14OpaqueEventRefPv + 252
5   HIToolbox                           0x00007ff8204afbd2 _NotifyEventLoopObservers + 153
6   HIToolbox                           0x00007ff8204e73e6 AcquireEventFromQueue + 494
7   HIToolbox                           0x00007ff8204d65a4 ReceiveNextEventCommon + 725
8   HIToolbox                           0x00007ff8204d62b3 _BlockUntilNextEventMatchingListInModeWithFilter + 70
9   AppKit                              0x00007ff819cd92f3 _DPSNextEvent + 909
10  AppKit                              0x00007ff819cd8174 -[NSApplication(NSEvent) _nextEventMatchingEventMask:untilDate:inMode:dequeue:] + 1219
11  XUL                                 0x0000000117fe2fce _ZN14nsXPTCStubBase7Stub249Ev + 12293550
12  AppKit                              0x00007ff819cca7b7 -[NSApplication run] + 586
13  XUL                                 0x0000000117fe3e91 _ZN14nsXPTCStubBase7Stub249Ev + 12297329
14  XUL                                 0x000000011bdf504c workerlz4_decompress + 413612
15  XUL                                 0x0000000118476459 workerlz4_maxCompressedSize + 446073
16  XUL                                 0x000000011be7905c workerlz4_decompress + 954300
17  XUL                                 0x000000011be7947c workerlz4_decompress + 955356
18  firefox-bin                         0x00000001064dffe5 firefox-bin + 8165
19  dyld                                0x00007ff81677c310 start + 2432
1   HIToolbox                           0x00007ff8204d60c2 _ZN15MenuBarInstance22RemoveAutoShowObserverEv + 30
2   HIToolbox                           0x00007ff8204ed7e3 SetMenuBarObscured + 115
3   HIToolbox                           0x00007ff8204f429e _ZN13HIApplication11FrontUILostEv + 34
4   HIToolbox                           0x00007ff8204ed622 _ZN13HIApplication15HandleActivatedEP14OpaqueEventRefhP15OpaqueWindowPtrh + 508
5   HIToolbox                           0x00007ff8204e7950 _ZN13HIApplication13EventObserverEjP14OpaqueEventRefPv + 182
6   HIToolbox                           0x00007ff8204afbd2 _NotifyEventLoopObservers + 153
7   HIToolbox                           0x00007ff8204e73e6 AcquireEventFromQueue + 494
8   HIToolbox                           0x00007ff8204d65a4 ReceiveNextEventCommon + 725
9   HIToolbox                           0x00007ff8204d62b3 _BlockUntilNextEventMatchingListInModeWithFilter + 70
10  AppKit                              0x00007ff819cd92f3 _DPSNextEvent + 909
11  AppKit                              0x00007ff819cd8174 -[NSApplication(NSEvent) _nextEventMatchingEventMask:untilDate:inMode:dequeue:] + 1219
12  XUL                                 0x0000000117fe2fce _ZN14nsXPTCStubBase7Stub249Ev + 12293550
13  AppKit                              0x00007ff819cca7b7 -[NSApplication run] + 586
14  XUL                                 0x0000000117fe3e91 _ZN14nsXPTCStubBase7Stub249Ev + 12297329
15  XUL                                 0x000000011bdf504c workerlz4_decompress + 413612
16  XUL                                 0x0000000118476459 workerlz4_maxCompressedSize + 446073
17  XUL                                 0x000000011be7905c workerlz4_decompress + 954300
18  XUL                                 0x000000011be7947c workerlz4_decompress + 955356
19  firefox-bin                         0x00000001064dffe5 firefox-bin + 8165
20  dyld                                0x00007ff81677c310 start + 2432
1   HIToolbox                           0x00007ff820549726 _ZN15MenuBarInstance22EnsureAutoShowObserverEv + 102
2   HIToolbox                           0x00007ff8204ed852 SetMenuBarObscured + 226
3   HIToolbox                           0x00007ff8204ed4ca _ZN13HIApplication15HandleActivatedEP14OpaqueEventRefhP15OpaqueWindowPtrh + 164
4   HIToolbox                           0x00007ff8204e7996 _ZN13HIApplication13EventObserverEjP14OpaqueEventRefPv + 252
5   HIToolbox                           0x00007ff8204afbd2 _NotifyEventLoopObservers + 153
6   HIToolbox                           0x00007ff8204e73e6 AcquireEventFromQueue + 494
7   HIToolbox                           0x00007ff8204d65a4 ReceiveNextEventCommon + 725
8   HIToolbox                           0x00007ff8204d62b3 _BlockUntilNextEventMatchingListInModeWithFilter + 70
9   AppKit                              0x00007ff819cd92f3 _DPSNextEvent + 909
10  AppKit                              0x00007ff819cd8174 -[NSApplication(NSEvent) _nextEventMatchingEventMask:untilDate:inMode:dequeue:] + 1219
11  XUL                                 0x0000000117fe2fce _ZN14nsXPTCStubBase7Stub249Ev + 12293550
12  AppKit                              0x00007ff819cca7b7 -[NSApplication run] + 586
13  XUL                                 0x0000000117fe3e91 _ZN14nsXPTCStubBase7Stub249Ev + 12297329
14  XUL                                 0x000000011bdf504c workerlz4_decompress + 413612
15  XUL                                 0x0000000118476459 workerlz4_maxCompressedSize + 446073
16  XUL                                 0x000000011be7905c workerlz4_decompress + 954300
17  XUL                                 0x000000011be7947c workerlz4_decompress + 955356
18  firefox-bin                         0x00000001064dffe5 firefox-bin + 8165
19  dyld                                0x00007ff81677c310 start + 2432
1   HIToolbox                           0x00007ff8204d60c2 _ZN15MenuBarInstance22RemoveAutoShowObserverEv + 30
2   HIToolbox                           0x00007ff8204ed7e3 SetMenuBarObscured + 115
3   HIToolbox                           0x00007ff8204f429e _ZN13HIApplication11FrontUILostEv + 34
4   HIToolbox                           0x00007ff8204ed622 _ZN13HIApplication15HandleActivatedEP14OpaqueEventRefhP15OpaqueWindowPtrh + 508
5   HIToolbox                           0x00007ff8204e7950 _ZN13HIApplication13EventObserverEjP14OpaqueEventRefPv + 182
6   HIToolbox                           0x00007ff8204afbd2 _NotifyEventLoopObservers + 153
7   HIToolbox                           0x00007ff8204e73e6 AcquireEventFromQueue + 494
8   HIToolbox                           0x00007ff8204d65a4 ReceiveNextEventCommon + 725
9   HIToolbox                           0x00007ff8204d62b3 _BlockUntilNextEventMatchingListInModeWithFilter + 70
10  AppKit                              0x00007ff819cd92f3 _DPSNextEvent + 909
11  AppKit                              0x00007ff819cd8174 -[NSApplication(NSEvent) _nextEventMatchingEventMask:untilDate:inMode:dequeue:] + 1219
12  XUL                                 0x0000000117fe2fce _ZN14nsXPTCStubBase7Stub249Ev + 12293550
13  AppKit                              0x00007ff819cca7b7 -[NSApplication run] + 586
14  XUL                                 0x0000000117fe3e91 _ZN14nsXPTCStubBase7Stub249Ev + 12297329
15  XUL                                 0x000000011bdf504c workerlz4_decompress + 413612
16  XUL                                 0x0000000118476459 workerlz4_maxCompressedSize + 446073
17  XUL                                 0x000000011be7905c workerlz4_decompress + 954300
18  XUL                                 0x000000011be7947c workerlz4_decompress + 955356
19  firefox-bin                         0x00000001064dffe5 firefox-bin + 8165
20  dyld                                0x00007ff81677c310 start + 2432
1   HIToolbox                           0x00007ff820549726 _ZN15MenuBarInstance22EnsureAutoShowObserverEv + 102
2   HIToolbox                           0x00007ff8204ed852 SetMenuBarObscured + 226
3   HIToolbox                           0x00007ff8204ed4ca _ZN13HIApplication15HandleActivatedEP14OpaqueEventRefhP15OpaqueWindowPtrh + 164
4   HIToolbox                           0x00007ff8204e7996 _ZN13HIApplication13EventObserverEjP14OpaqueEventRefPv + 252
5   HIToolbox                           0x00007ff8204afbd2 _NotifyEventLoopObservers + 153
6   AppKit                              0x00007ff819ec7f73 -[NSWindow(NSEventRouting) _handleMouseDownEvent:isDelayedEvent:] + 3212
7   AppKit                              0x00007ff819e3e58e -[NSWindow(NSEventRouting) _reallySendEvent:isDelayedEvent:] + 2595
8   AppKit                              0x00007ff819e3d94f -[NSWindow(NSEventRouting) sendEvent:] + 345
9   XUL                                 0x000000011b15b4b5 mozilla_set_coreaudio_notification_runloop_if_needed + 6400437
10  AppKit                              0x00007ff819e3bcbe -[NSApplication(NSEvent) sendEvent:] + 358
11  XUL                                 0x0000000117fe2f2c _ZN14nsXPTCStubBase7Stub249Ev + 12293388
12  AppKit                              0x00007ff81a0fa665 -[NSApplication _handleEvent:] + 65
13  AppKit                              0x00007ff819cca7dc -[NSApplication run] + 623
14  XUL                                 0x0000000117fe3e91 _ZN14nsXPTCStubBase7Stub249Ev + 12297329
15  XUL                                 0x000000011bdf504c workerlz4_decompress + 413612
16  XUL                                 0x0000000118476459 workerlz4_maxCompressedSize + 446073
17  XUL                                 0x000000011be7905c workerlz4_decompress + 954300
18  XUL                                 0x000000011be7947c workerlz4_decompress + 955356
19  firefox-bin                         0x00000001064dffe5 firefox-bin + 8165
20  dyld                                0x00007ff81677c310 start + 2432
1   HIToolbox                           0x00007ff8204d60c2 _ZN15MenuBarInstance22RemoveAutoShowObserverEv + 30
2   HIToolbox                           0x00007ff8204ed7e3 SetMenuBarObscured + 115
3   HIToolbox                           0x00007ff8204f429e _ZN13HIApplication11FrontUILostEv + 34
4   HIToolbox                           0x00007ff8204ed622 _ZN13HIApplication15HandleActivatedEP14OpaqueEventRefhP15OpaqueWindowPtrh + 508
5   HIToolbox                           0x00007ff8204e7950 _ZN13HIApplication13EventObserverEjP14OpaqueEventRefPv + 182
6   HIToolbox                           0x00007ff8204afbd2 _NotifyEventLoopObservers + 153
7   HIToolbox                           0x00007ff8204e73e6 AcquireEventFromQueue + 494
8   HIToolbox                           0x00007ff8204d65a4 ReceiveNextEventCommon + 725
9   HIToolbox                           0x00007ff8204d62b3 _BlockUntilNextEventMatchingListInModeWithFilter + 70
10  AppKit                              0x00007ff819cd92f3 _DPSNextEvent + 909
11  AppKit                              0x00007ff819cd8174 -[NSApplication(NSEvent) _nextEventMatchingEventMask:untilDate:inMode:dequeue:] + 1219
12  XUL                                 0x0000000117fe2fce _ZN14nsXPTCStubBase7Stub249Ev + 12293550
13  AppKit                              0x00007ff819cca7b7 -[NSApplication run] + 586
14  XUL                                 0x0000000117fe3e91 _ZN14nsXPTCStubBase7Stub249Ev + 12297329
15  XUL                                 0x000000011bdf504c workerlz4_decompress + 413612
16  XUL                                 0x0000000118476459 workerlz4_maxCompressedSize + 446073
17  XUL                                 0x000000011be7905c workerlz4_decompress + 954300
18  XUL                                 0x000000011be7947c workerlz4_decompress + 955356
19  firefox-bin                         0x00000001064dffe5 firefox-bin + 8165
20  dyld                                0x00007ff81677c310 start + 2432
1   HIToolbox                           0x00007ff820549726 _ZN15MenuBarInstance22EnsureAutoShowObserverEv + 102
2   HIToolbox                           0x00007ff8204ed852 SetMenuBarObscured + 226
3   HIToolbox                           0x00007ff8204ed4ca _ZN13HIApplication15HandleActivatedEP14OpaqueEventRefhP15OpaqueWindowPtrh + 164
4   HIToolbox                           0x00007ff8204e7996 _ZN13HIApplication13EventObserverEjP14OpaqueEventRefPv + 252
5   HIToolbox                           0x00007ff8204afbd2 _NotifyEventLoopObservers + 153
6   HIToolbox                           0x00007ff8204e73e6 AcquireEventFromQueue + 494
7   HIToolbox                           0x00007ff8204d65a4 ReceiveNextEventCommon + 725
8   HIToolbox                           0x00007ff8204d62b3 _BlockUntilNextEventMatchingListInModeWithFilter + 70
9   AppKit                              0x00007ff819cd92f3 _DPSNextEvent + 909
10  AppKit                              0x00007ff819cd8174 -[NSApplication(NSEvent) _nextEventMatchingEventMask:untilDate:inMode:dequeue:] + 1219
11  XUL                                 0x0000000117fe2fce _ZN14nsXPTCStubBase7Stub249Ev + 12293550
12  AppKit                              0x00007ff819cca7b7 -[NSApplication run] + 586
13  XUL                                 0x0000000117fe3e91 _ZN14nsXPTCStubBase7Stub249Ev + 12297329
14  XUL                                 0x000000011bdf504c workerlz4_decompress + 413612
15  XUL                                 0x0000000118476459 workerlz4_maxCompressedSize + 446073
16  XUL                                 0x000000011be7905c workerlz4_decompress + 954300
17  XUL                                 0x000000011be7947c workerlz4_decompress + 955356
18  firefox-bin                         0x00000001064dffe5 firefox-bin + 8165
19  dyld                                0x00007ff81677c310 start + 2432
1678029672477	Marionette	INFO	Stopped listening on port 51215
JavaScript error: , line 0: NotFoundError: No such JSWindowActor 'DevToolsFrame'
JavaScript error: , line 0: NotFoundError: No such JSWindowActor 'DevToolsFrame'
