2023-03-07 17:29:13.010 [info] Extension host with pid 2768 started
2023-03-07 17:29:13.152 [info] ExtensionService#_doActivateExtension vscode.emmet, startup: false, activationEvent: 'onLanguage'
2023-03-07 17:29:13.170 [info] ExtensionService#_doActivateExtension vscode.github-authentication, startup: false, activationEvent: 'onAuthenticationRequest:github'
2023-03-07 17:29:13.223 [info] ExtensionService#_doActivateExtension vscode.git-base, startup: true, activationEvent: '*', root cause: vscode.git
2023-03-07 17:29:13.299 [info] ExtensionService#_doActivateExtension vscode.git, startup: true, activationEvent: '*'
2023-03-07 17:29:13.392 [info] ExtensionService#_doActivateExtension vscode.github, startup: true, activationEvent: '*'
2023-03-07 17:29:13.444 [info] ExtensionService#_doActivateExtension vscode.microsoft-authentication, startup: false, activationEvent: 'onAuthenticationRequest:microsoft'
2023-03-07 17:29:13.630 [info] Eager extensions activated
2023-03-07 17:29:13.658 [info] ExtensionService#_doActivateExtension vscode.debug-auto-launch, startup: false, activationEvent: 'onStartupFinished'
2023-03-07 17:29:13.663 [info] ExtensionService#_doActivateExtension vscode.merge-conflict, startup: false, activationEvent: 'onStartupFinished'
2023-03-07 17:29:25.915 [info] Extension host terminating: renderer closed the MessagePort
2023-03-07 17:29:25.922 [info] Extension host with pid 2768 exiting with code 0
2023-03-07 17:29:27.067 [info] Extension host with pid 2789 started
2023-03-07 17:29:27.067 [info] Skipping acquiring lock for /Users/farawa/DATANO/User/workspaceStorage/aeb86eb508bcdeceaa7dd5c039e9f3e1.
2023-03-07 17:29:27.188 [info] ExtensionService#_doActivateExtension vscode.emmet, startup: false, activationEvent: 'onLanguage'
2023-03-07 17:29:27.206 [info] ExtensionService#_doActivateExtension vscode.github-authentication, startup: false, activationEvent: 'onAuthenticationRequest:github'
2023-03-07 17:29:27.224 [info] ExtensionService#_doActivateExtension vscode.git-base, startup: true, activationEvent: '*'
2023-03-07 17:29:27.227 [info] ExtensionService#_doActivateExtension vscode.npm, startup: true, activationEvent: 'workspaceContains:package.json'
2023-03-07 17:29:27.289 [info] ExtensionService#_doActivateExtension vscode.github, startup: true, activationEvent: '*'
2023-03-07 17:29:27.317 [info] ExtensionService#_doActivateExtension vscode.microsoft-authentication, startup: false, activationEvent: 'onAuthenticationRequest:microsoft'
2023-03-07 17:29:27.395 [info] Eager extensions activated
2023-03-07 17:29:27.398 [info] ExtensionService#_doActivateExtension vscode.debug-auto-launch, startup: false, activationEvent: 'onStartupFinished'
2023-03-07 17:29:27.401 [info] ExtensionService#_doActivateExtension vscode.merge-conflict, startup: false, activationEvent: 'onStartupFinished'
2023-03-07 17:29:33.617 [info] ExtensionService#_doActivateExtension vscode.git, startup: false, activationEvent: 'api', root cause: vscode.github
2023-03-07 17:29:47.626 [info] ExtensionService#_doActivateExtension vscode.typescript-language-features, startup: false, activationEvent: 'onLanguage:javascript'
2023-03-07 17:30:54.798 [warning] [Decorations] CAPPING events from decorations provider vscode.git 1643
2023-03-07 17:30:59.889 [warning] [Decorations] CAPPING events from decorations provider vscode.git 1644
2023-03-07 17:31:15.030 [warning] [Decorations] CAPPING events from decorations provider vscode.git 1643
2023-03-07 17:31:21.463 [warning] [Decorations] CAPPING events from decorations provider vscode.git 1643
2023-03-07 17:31:32.550 [info] ExtensionService#_doActivateExtension vscode.configuration-editing, startup: false, activationEvent: 'onLanguage:jsonc'
2023-03-07 17:31:32.568 [info] ExtensionService#_doActivateExtension vscode.json-language-features, startup: false, activationEvent: 'onLanguage:jsonc'
2023-03-07 17:31:34.263 [warning] [Decorations] CAPPING events from decorations provider vscode.git 1646
2023-03-07 17:31:39.969 [warning] [Decorations] CAPPING events from decorations provider vscode.git 1646
2023-03-07 17:31:45.054 [warning] [Decorations] CAPPING events from decorations provider vscode.git 1647
2023-03-07 17:31:50.162 [warning] [Decorations] CAPPING events from decorations provider vscode.git 1648
2023-03-07 17:32:33.694 [warning] [Decorations] CAPPING events from decorations provider vscode.git 1648
2023-03-07 17:32:38.868 [warning] [Decorations] CAPPING events from decorations provider vscode.git 1648
2023-03-07 17:32:52.365 [warning] [Decorations] CAPPING events from decorations provider vscode.git 1649
2023-03-07 17:32:56.536 [info] ExtensionService#_doActivateExtension vscode.debug-server-ready, startup: false, activationEvent: 'onDebugResolve'
2023-03-07 17:32:56.542 [info] ExtensionService#_doActivateExtension ms-vscode.js-debug, startup: false, activationEvent: 'onDebugResolve:pwa-node'
2023-03-07 17:32:58.776 [warning] [Decorations] CAPPING events from decorations provider vscode.git 1649
2023-03-07 17:33:04.650 [warning] [Decorations] CAPPING events from decorations provider vscode.git 1653
2023-03-07 17:33:13.526 [warning] [Decorations] CAPPING events from decorations provider vscode.git 1666
2023-03-07 17:33:18.624 [warning] [Decorations] CAPPING events from decorations provider vscode.git 1668
2023-03-07 17:33:23.717 [warning] [Decorations] CAPPING events from decorations provider vscode.git 1668
2023-03-07 17:33:28.812 [warning] [Decorations] CAPPING events from decorations provider vscode.git 1668
2023-03-07 17:33:34.387 [warning] [Decorations] CAPPING events from decorations provider vscode.git 1668
2023-03-07 17:33:42.737 [warning] [Decorations] CAPPING events from decorations provider vscode.git 1668
2023-03-07 17:34:51.541 [warning] [Decorations] CAPPING events from decorations provider vscode.git 1668
2023-03-07 17:34:56.651 [warning] [Decorations] CAPPING events from decorations provider vscode.git 1668
2023-03-07 17:35:01.739 [warning] [Decorations] CAPPING events from decorations provider vscode.git 1668
2023-03-07 17:35:06.826 [warning] [Decorations] CAPPING events from decorations provider vscode.git 1668
2023-03-07 17:35:58.910 [warning] [Decorations] CAPPING events from decorations provider vscode.git 1670
2023-03-07 17:36:16.176 [warning] [Decorations] CAPPING events from decorations provider vscode.git 1670
2023-03-07 17:36:27.663 [warning] [Decorations] CAPPING events from decorations provider vscode.git 1670
2023-03-07 17:36:32.749 [warning] [Decorations] CAPPING events from decorations provider vscode.git 1671
2023-03-07 17:38:27.223 [warning] [Decorations] CAPPING events from decorations provider vscode.git 1671
2023-03-07 17:39:24.327 [warning] [Decorations] CAPPING events from decorations provider vscode.git 1671
2023-03-07 17:39:30.208 [warning] [Decorations] CAPPING events from decorations provider vscode.git 1672
2023-03-07 17:39:46.462 [warning] [Decorations] CAPPING events from decorations provider vscode.git 1673
2023-03-07 17:39:54.088 [warning] [Decorations] CAPPING events from decorations provider vscode.git 1674
2023-03-07 17:40:01.005 [warning] [Decorations] CAPPING events from decorations provider vscode.git 1673
2023-03-07 17:40:06.092 [warning] [Decorations] CAPPING events from decorations provider vscode.git 1674
2023-03-07 17:40:11.184 [warning] [Decorations] CAPPING events from decorations provider vscode.git 1674
2023-03-07 17:40:16.273 [warning] [Decorations] CAPPING events from decorations provider vscode.git 1674
2023-03-07 17:40:23.822 [warning] [Decorations] CAPPING events from decorations provider vscode.git 1674
2023-03-07 17:40:28.912 [warning] [Decorations] CAPPING events from decorations provider vscode.git 1675
2023-03-07 17:40:34.001 [warning] [Decorations] CAPPING events from decorations provider vscode.git 1675
2023-03-07 17:40:49.463 [warning] [Decorations] CAPPING events from decorations provider vscode.git 1676
2023-03-07 17:40:54.540 [warning] [Decorations] CAPPING events from decorations provider vscode.git 1676
2023-03-07 17:40:59.634 [warning] [Decorations] CAPPING events from decorations provider vscode.git 1676
2023-03-07 17:41:04.811 [warning] [Decorations] CAPPING events from decorations provider vscode.git 1677
2023-03-07 17:41:09.905 [warning] [Decorations] CAPPING events from decorations provider vscode.git 1676
2023-03-07 17:41:14.993 [warning] [Decorations] CAPPING events from decorations provider vscode.git 1676
2023-03-07 17:41:21.674 [warning] [Decorations] CAPPING events from decorations provider vscode.git 1676
2023-03-07 17:41:26.779 [warning] [Decorations] CAPPING events from decorations provider vscode.git 1677
2023-03-07 17:41:32.372 [warning] [Decorations] CAPPING events from decorations provider vscode.git 1677
2023-03-07 17:41:48.962 [warning] [Decorations] CAPPING events from decorations provider vscode.git 1678
2023-03-07 17:42:10.701 [warning] [Decorations] CAPPING events from decorations provider vscode.git 1678
2023-03-07 17:42:27.983 [warning] [Decorations] CAPPING events from decorations provider vscode.git 1678
2023-03-07 17:42:54.211 [warning] [Decorations] CAPPING events from decorations provider vscode.git 1678
2023-03-07 17:43:25.821 [warning] [Decorations] CAPPING events from decorations provider vscode.git 1679
2023-03-07 17:43:30.917 [warning] [Decorations] CAPPING events from decorations provider vscode.git 1679
2023-03-07 17:43:36.003 [warning] [Decorations] CAPPING events from decorations provider vscode.git 1679
2023-03-07 17:43:45.330 [warning] [Decorations] CAPPING events from decorations provider vscode.git 1680
2023-03-07 17:44:09.196 [warning] [Decorations] CAPPING events from decorations provider vscode.git 1680
2023-03-07 17:44:14.292 [warning] [Decorations] CAPPING events from decorations provider vscode.git 1680
2023-03-07 17:44:27.127 [warning] [Decorations] CAPPING events from decorations provider vscode.git 1681
2023-03-07 17:44:35.550 [warning] [Decorations] CAPPING events from decorations provider vscode.git 1681
2023-03-07 17:44:43.326 [warning] [Decorations] CAPPING events from decorations provider vscode.git 1681
2023-03-07 17:44:48.419 [warning] [Decorations] CAPPING events from decorations provider vscode.git 1682
2023-03-07 17:45:02.423 [warning] [Decorations] CAPPING events from decorations provider vscode.git 1682
2023-03-07 17:45:13.086 [warning] [Decorations] CAPPING events from decorations provider vscode.git 1683
2023-03-07 17:45:18.187 [warning] [Decorations] CAPPING events from decorations provider vscode.git 1683
2023-03-07 17:45:33.085 [warning] [Decorations] CAPPING events from decorations provider vscode.git 1684
2023-03-07 17:45:39.278 [warning] [Decorations] CAPPING events from decorations provider vscode.git 1685
2023-03-07 17:45:53.679 [warning] [Decorations] CAPPING events from decorations provider vscode.git 1684
2023-03-07 17:46:02.447 [warning] [Decorations] CAPPING events from decorations provider vscode.git 1685
2023-03-07 17:46:35.294 [warning] [Decorations] CAPPING events from decorations provider vscode.git 1686
2023-03-07 17:46:55.267 [warning] [Decorations] CAPPING events from decorations provider vscode.git 1685
2023-03-07 17:47:05.107 [warning] [Decorations] CAPPING events from decorations provider vscode.git 1685
2023-03-07 17:47:28.494 [info] ExtensionService#_doActivateExtension vscode.css-language-features, startup: false, activationEvent: 'onLanguage:css'
2023-03-07 17:47:30.104 [warning] [Decorations] CAPPING events from decorations provider vscode.git 1685
2023-03-07 17:47:35.195 [warning] [Decorations] CAPPING events from decorations provider vscode.git 1685
2023-03-07 17:47:40.286 [warning] [Decorations] CAPPING events from decorations provider vscode.git 1686
2023-03-07 17:47:58.184 [warning] [Decorations] CAPPING events from decorations provider vscode.git 1686
2023-03-07 17:48:03.277 [warning] [Decorations] CAPPING events from decorations provider vscode.git 1687
2023-03-07 17:48:22.079 [warning] [Decorations] CAPPING events from decorations provider vscode.git 1687
2023-03-07 17:48:27.943 [warning] [Decorations] CAPPING events from decorations provider vscode.git 1687
2023-03-07 17:48:34.545 [warning] [Decorations] CAPPING events from decorations provider vscode.git 1687
2023-03-07 17:48:39.650 [warning] [Decorations] CAPPING events from decorations provider vscode.git 1687
2023-03-07 17:49:58.818 [warning] [Decorations] CAPPING events from decorations provider vscode.git 1687
2023-03-07 17:50:03.914 [warning] [Decorations] CAPPING events from decorations provider vscode.git 1688
2023-03-07 17:50:09.001 [warning] [Decorations] CAPPING events from decorations provider vscode.git 1688
2023-03-07 17:50:14.163 [warning] [Decorations] CAPPING events from decorations provider vscode.git 1689
2023-03-07 17:50:44.313 [warning] [Decorations] CAPPING events from decorations provider vscode.git 1688
2023-03-07 17:51:38.466 [warning] [Decorations] CAPPING events from decorations provider vscode.git 1689
2023-03-07 17:52:43.443 [warning] [Decorations] CAPPING events from decorations provider vscode.git 1690
2023-03-07 17:52:54.071 [warning] [Decorations] CAPPING events from decorations provider vscode.git 1689
2023-03-07 17:52:59.479 [warning] [Decorations] CAPPING events from decorations provider vscode.git 1689
2023-03-07 17:53:50.627 [warning] [Decorations] CAPPING events from decorations provider vscode.git 1689
2023-03-07 17:54:20.362 [warning] [Decorations] CAPPING events from decorations provider vscode.git 1689
2023-03-07 17:54:26.997 [warning] [Decorations] CAPPING events from decorations provider vscode.git 1690
2023-03-07 17:55:04.188 [warning] [Decorations] CAPPING events from decorations provider vscode.git 1690
2023-03-07 17:55:09.268 [warning] [Decorations] CAPPING events from decorations provider vscode.git 1690
2023-03-07 17:55:14.354 [warning] [Decorations] CAPPING events from decorations provider vscode.git 1691
2023-03-07 17:55:19.443 [warning] [Decorations] CAPPING events from decorations provider vscode.git 1691
2023-03-07 17:55:24.533 [warning] [Decorations] CAPPING events from decorations provider vscode.git 1692
2023-03-07 17:55:29.633 [warning] [Decorations] CAPPING events from decorations provider vscode.git 1691
2023-03-07 17:55:39.303 [warning] [Decorations] CAPPING events from decorations provider vscode.git 1692
2023-03-07 17:55:44.397 [warning] [Decorations] CAPPING events from decorations provider vscode.git 1692
2023-03-07 17:55:57.614 [warning] [Decorations] CAPPING events from decorations provider vscode.git 1693
2023-03-07 17:56:02.702 [warning] [Decorations] CAPPING events from decorations provider vscode.git 1692
2023-03-07 17:56:11.910 [warning] [Decorations] CAPPING events from decorations provider vscode.git 1692
2023-03-07 17:56:22.125 [warning] [Decorations] CAPPING events from decorations provider vscode.git 1692
2023-03-07 17:56:27.218 [warning] [Decorations] CAPPING events from decorations provider vscode.git 1693
2023-03-07 17:56:32.307 [warning] [Decorations] CAPPING events from decorations provider vscode.git 1693
2023-03-07 17:56:39.569 [warning] [Decorations] CAPPING events from decorations provider vscode.git 1693
2023-03-07 17:56:44.684 [warning] [Decorations] CAPPING events from decorations provider vscode.git 1694
2023-03-07 17:56:49.778 [warning] [Decorations] CAPPING events from decorations provider vscode.git 1694
2023-03-07 17:57:52.591 [warning] [Decorations] CAPPING events from decorations provider vscode.git 1694
2023-03-07 17:57:59.137 [warning] [Decorations] CAPPING events from decorations provider vscode.git 1694
2023-03-07 17:58:05.080 [warning] [Decorations] CAPPING events from decorations provider vscode.git 1694
2023-03-07 17:58:39.733 [warning] [Decorations] CAPPING events from decorations provider vscode.git 1694
2023-03-07 17:58:53.730 [warning] [Decorations] CAPPING events from decorations provider vscode.git 1695
2023-03-07 17:59:00.901 [warning] [Decorations] CAPPING events from decorations provider vscode.git 1696
2023-03-07 17:59:18.493 [warning] [Decorations] CAPPING events from decorations provider vscode.git 1696
2023-03-07 17:59:23.629 [warning] [Decorations] CAPPING events from decorations provider vscode.git 1696
2023-03-07 17:59:28.714 [warning] [Decorations] CAPPING events from decorations provider vscode.git 1697
2023-03-07 17:59:37.945 [warning] [Decorations] CAPPING events from decorations provider vscode.git 1698
2023-03-07 17:59:50.942 [warning] [Decorations] CAPPING events from decorations provider vscode.git 1697
2023-03-07 18:00:50.669 [warning] [Decorations] CAPPING events from decorations provider vscode.git 1698
2023-03-07 18:00:55.783 [warning] [Decorations] CAPPING events from decorations provider vscode.git 1698
2023-03-07 18:01:05.075 [warning] [Decorations] CAPPING events from decorations provider vscode.git 1699
2023-03-07 18:01:21.350 [warning] [Decorations] CAPPING events from decorations provider vscode.git 1700
2023-03-07 18:01:26.479 [warning] [Decorations] CAPPING events from decorations provider vscode.git 1701
2023-03-07 18:01:36.160 [warning] [Decorations] CAPPING events from decorations provider vscode.git 1700
2023-03-07 18:01:49.530 [warning] [Decorations] CAPPING events from decorations provider vscode.git 1700
2023-03-07 18:01:54.620 [warning] [Decorations] CAPPING events from decorations provider vscode.git 1701
2023-03-07 18:02:10.159 [warning] [Decorations] CAPPING events from decorations provider vscode.git 1702
2023-03-07 18:02:15.249 [warning] [Decorations] CAPPING events from decorations provider vscode.git 1702
2023-03-07 18:02:20.329 [warning] [Decorations] CAPPING events from decorations provider vscode.git 1702
2023-03-07 18:02:47.307 [warning] [Decorations] CAPPING events from decorations provider vscode.git 1703
2023-03-07 18:03:14.283 [warning] [Decorations] CAPPING events from decorations provider vscode.git 1703
2023-03-07 18:03:19.373 [warning] [Decorations] CAPPING events from decorations provider vscode.git 1703
2023-03-07 18:03:43.593 [warning] [Decorations] CAPPING events from decorations provider vscode.git 1703
2023-03-07 18:03:48.685 [warning] [Decorations] CAPPING events from decorations provider vscode.git 1703
2023-03-07 18:03:53.778 [warning] [Decorations] CAPPING events from decorations provider vscode.git 1704
2023-03-07 18:04:00.227 [warning] [Decorations] CAPPING events from decorations provider vscode.git 1704
2023-03-07 18:04:09.737 [warning] [Decorations] CAPPING events from decorations provider vscode.git 1705
2023-03-07 18:04:17.988 [warning] [Decorations] CAPPING events from decorations provider vscode.git 1704
2023-03-07 18:04:26.264 [warning] [Decorations] CAPPING events from decorations provider vscode.git 1705
2023-03-07 18:04:32.528 [warning] [Decorations] CAPPING events from decorations provider vscode.git 1705
2023-03-07 18:06:19.643 [warning] [Decorations] CAPPING events from decorations provider vscode.git 1705
2023-03-07 18:06:46.066 [warning] [Decorations] CAPPING events from decorations provider vscode.git 1706
2023-03-07 18:06:51.159 [warning] [Decorations] CAPPING events from decorations provider vscode.git 1706
2023-03-07 18:06:56.235 [warning] [Decorations] CAPPING events from decorations provider vscode.git 1706
2023-03-07 18:07:01.323 [warning] [Decorations] CAPPING events from decorations provider vscode.git 1706
2023-03-07 18:07:11.532 [warning] [Decorations] CAPPING events from decorations provider vscode.git 1706
2023-03-07 18:07:16.629 [warning] [Decorations] CAPPING events from decorations provider vscode.git 1706
2023-03-07 18:07:21.727 [warning] [Decorations] CAPPING events from decorations provider vscode.git 1706
2023-03-07 18:07:53.560 [warning] [Decorations] CAPPING events from decorations provider vscode.git 1706
2023-03-07 18:07:58.649 [warning] [Decorations] CAPPING events from decorations provider vscode.git 1706
2023-03-07 18:08:05.195 [warning] [Decorations] CAPPING events from decorations provider vscode.git 1707
2023-03-07 18:08:20.479 [warning] [Decorations] CAPPING events from decorations provider vscode.git 1706
2023-03-07 18:08:50.958 [warning] [Decorations] CAPPING events from decorations provider vscode.git 1707
2023-03-07 18:09:13.684 [warning] [Decorations] CAPPING events from decorations provider vscode.git 1707
2023-03-07 18:09:20.494 [warning] [Decorations] CAPPING events from decorations provider vscode.git 1707
2023-03-07 18:09:55.453 [warning] [Decorations] CAPPING events from decorations provider vscode.git 1707
2023-03-07 18:10:20.480 [warning] [Decorations] CAPPING events from decorations provider vscode.git 1707
2023-03-07 18:10:33.160 [warning] [Decorations] CAPPING events from decorations provider vscode.git 1707
2023-03-07 18:10:40.080 [warning] [Decorations] CAPPING events from decorations provider vscode.git 1708
2023-03-07 18:10:46.567 [warning] [Decorations] CAPPING events from decorations provider vscode.git 1708
2023-03-07 18:10:51.660 [warning] [Decorations] CAPPING events from decorations provider vscode.git 1708
2023-03-07 18:11:02.221 [warning] [Decorations] CAPPING events from decorations provider vscode.git 1708
2023-03-07 18:11:10.810 [warning] [Decorations] CAPPING events from decorations provider vscode.git 1709
2023-03-07 18:11:24.896 [warning] [Decorations] CAPPING events from decorations provider vscode.git 1709
2023-03-07 18:11:29.982 [warning] [Decorations] CAPPING events from decorations provider vscode.git 1709
2023-03-07 18:11:46.960 [warning] [Decorations] CAPPING events from decorations provider vscode.git 1709
2023-03-07 18:11:52.050 [warning] [Decorations] CAPPING events from decorations provider vscode.git 1710
2023-03-07 18:13:47.235 [warning] [Decorations] CAPPING events from decorations provider vscode.git 1710
2023-03-07 18:14:56.109 [warning] [Decorations] CAPPING events from decorations provider vscode.git 1710
2023-03-07 18:15:11.364 [warning] [Decorations] CAPPING events from decorations provider vscode.git 1710
2023-03-07 18:18:35.583 [warning] [Decorations] CAPPING events from decorations provider vscode.git 1710
2023-03-07 18:19:00.126 [warning] [Decorations] CAPPING events from decorations provider vscode.git 1710
2023-03-07 18:19:57.081 [warning] [Decorations] CAPPING events from decorations provider vscode.git 1710
2023-03-07 18:20:02.170 [warning] [Decorations] CAPPING events from decorations provider vscode.git 1711
2023-03-07 18:20:07.271 [warning] [Decorations] CAPPING events from decorations provider vscode.git 1711
2023-03-07 18:20:12.359 [warning] [Decorations] CAPPING events from decorations provider vscode.git 1711
2023-03-07 18:20:17.444 [warning] [Decorations] CAPPING events from decorations provider vscode.git 1711
2023-03-07 18:20:22.536 [warning] [Decorations] CAPPING events from decorations provider vscode.git 1711
2023-03-07 18:20:27.630 [warning] [Decorations] CAPPING events from decorations provider vscode.git 1712
2023-03-07 18:20:44.313 [warning] [Decorations] CAPPING events from decorations provider vscode.git 1711
2023-03-07 18:20:49.403 [warning] [Decorations] CAPPING events from decorations provider vscode.git 1712
2023-03-07 18:20:54.504 [warning] [Decorations] CAPPING events from decorations provider vscode.git 1713
2023-03-07 18:20:59.595 [warning] [Decorations] CAPPING events from decorations provider vscode.git 1712
2023-03-07 18:21:04.694 [warning] [Decorations] CAPPING events from decorations provider vscode.git 1712
2023-03-07 18:21:10.832 [warning] [Decorations] CAPPING events from decorations provider vscode.git 1712
2023-03-07 18:21:24.703 [warning] [Decorations] CAPPING events from decorations provider vscode.git 1712
2023-03-07 18:21:29.790 [warning] [Decorations] CAPPING events from decorations provider vscode.git 1713
2023-03-07 18:21:34.886 [warning] [Decorations] CAPPING events from decorations provider vscode.git 1714
2023-03-07 18:22:00.139 [warning] [Decorations] CAPPING events from decorations provider vscode.git 1713
2023-03-07 18:22:46.260 [warning] [Decorations] CAPPING events from decorations provider vscode.git 1713
2023-03-07 18:22:51.394 [warning] [Decorations] CAPPING events from decorations provider vscode.git 1714
2023-03-07 18:22:56.481 [warning] [Decorations] CAPPING events from decorations provider vscode.git 1714
2023-03-07 18:23:01.574 [warning] [Decorations] CAPPING events from decorations provider vscode.git 1714
2023-03-07 18:23:06.664 [warning] [Decorations] CAPPING events from decorations provider vscode.git 1714
2023-03-07 18:23:11.758 [warning] [Decorations] CAPPING events from decorations provider vscode.git 1714
2023-03-07 18:23:26.491 [warning] [Decorations] CAPPING events from decorations provider vscode.git 1714
2023-03-07 18:23:47.807 [warning] [Decorations] CAPPING events from decorations provider vscode.git 1715
2023-03-07 18:24:00.186 [warning] [Decorations] CAPPING events from decorations provider vscode.git 1714
2023-03-07 18:24:11.815 [warning] [Decorations] CAPPING events from decorations provider vscode.git 1714
2023-03-07 18:24:44.730 [warning] [Decorations] CAPPING events from decorations provider vscode.git 1715
2023-03-07 18:24:49.899 [warning] [Decorations] CAPPING events from decorations provider vscode.git 1715
2023-03-07 18:24:57.511 [warning] [Decorations] CAPPING events from decorations provider vscode.git 1715
2023-03-07 18:25:02.615 [warning] [Decorations] CAPPING events from decorations provider vscode.git 1715
2023-03-07 18:25:26.044 [warning] [Decorations] CAPPING events from decorations provider vscode.git 1715
2023-03-07 18:25:32.227 [warning] [Decorations] CAPPING events from decorations provider vscode.git 1715
2023-03-07 18:25:37.300 [warning] [Decorations] CAPPING events from decorations provider vscode.git 1716
2023-03-07 18:25:42.390 [warning] [Decorations] CAPPING events from decorations provider vscode.git 1716
2023-03-07 18:26:19.799 [warning] [Decorations] CAPPING events from decorations provider vscode.git 1717
2023-03-07 18:27:20.646 [warning] [Decorations] CAPPING events from decorations provider vscode.git 1716
2023-03-07 18:28:06.742 [warning] [Decorations] CAPPING events from decorations provider vscode.git 1717
2023-03-07 18:28:11.897 [warning] [Decorations] CAPPING events from decorations provider vscode.git 1718
2023-03-07 18:28:28.681 [warning] [Decorations] CAPPING events from decorations provider vscode.git 1717
2023-03-07 18:28:33.776 [warning] [Decorations] CAPPING events from decorations provider vscode.git 1717
2023-03-07 18:29:15.926 [warning] [Decorations] CAPPING events from decorations provider vscode.git 1717
2023-03-07 18:29:21.236 [warning] [Decorations] CAPPING events from decorations provider vscode.git 1717
2023-03-07 18:29:43.659 [warning] [Decorations] CAPPING events from decorations provider vscode.git 1718
2023-03-07 18:29:48.743 [warning] [Decorations] CAPPING events from decorations provider vscode.git 1720
2023-03-07 18:30:05.502 [warning] [Decorations] CAPPING events from decorations provider vscode.git 1720
2023-03-07 18:30:10.598 [warning] [Decorations] CAPPING events from decorations provider vscode.git 1720
2023-03-07 18:30:21.285 [warning] [Decorations] CAPPING events from decorations provider vscode.git 1720
2023-03-07 18:30:44.093 [warning] [Decorations] CAPPING events from decorations provider vscode.git 1720
2023-03-07 18:31:03.398 [warning] [Decorations] CAPPING events from decorations provider vscode.git 1720
2023-03-07 18:31:21.331 [warning] [Decorations] CAPPING events from decorations provider vscode.git 1720
2023-03-07 18:34:23.316 [warning] [Decorations] CAPPING events from decorations provider vscode.git 1720
2023-03-07 18:34:59.118 [warning] [Decorations] CAPPING events from decorations provider vscode.git 1720
2023-03-07 18:35:17.820 [warning] [Decorations] CAPPING events from decorations provider vscode.git 1720
2023-03-07 18:35:23.881 [warning] [Decorations] CAPPING events from decorations provider vscode.git 1720
2023-03-07 18:35:31.665 [warning] [Decorations] CAPPING events from decorations provider vscode.git 1720
2023-03-07 18:40:18.591 [warning] [Decorations] CAPPING events from decorations provider vscode.git 1721
2023-03-07 18:41:25.803 [warning] [Decorations] CAPPING events from decorations provider vscode.git 1721
2023-03-07 18:41:39.135 [warning] [Decorations] CAPPING events from decorations provider vscode.git 1720
2023-03-07 18:42:26.669 [warning] [Decorations] CAPPING events from decorations provider vscode.git 1720
2023-03-07 18:43:26.566 [warning] [Decorations] CAPPING events from decorations provider vscode.git 1720
2023-03-07 18:43:39.787 [warning] [Decorations] CAPPING events from decorations provider vscode.git 1721
2023-03-07 18:44:26.570 [warning] [Decorations] CAPPING events from decorations provider vscode.git 1721
2023-03-07 18:44:42.626 [warning] [Decorations] CAPPING events from decorations provider vscode.git 1722
2023-03-07 18:44:47.717 [warning] [Decorations] CAPPING events from decorations provider vscode.git 1722
2023-03-07 18:44:52.819 [warning] [Decorations] CAPPING events from decorations provider vscode.git 1722
2023-03-07 18:45:01.863 [warning] [Decorations] CAPPING events from decorations provider vscode.git 1722
2023-03-07 18:45:30.457 [warning] [Decorations] CAPPING events from decorations provider vscode.git 1723
2023-03-07 18:45:35.555 [warning] [Decorations] CAPPING events from decorations provider vscode.git 1723
2023-03-07 18:45:40.677 [warning] [Decorations] CAPPING events from decorations provider vscode.git 1723
2023-03-07 18:45:53.496 [warning] [Decorations] CAPPING events from decorations provider vscode.git 1721
2023-03-07 18:45:59.912 [warning] [Decorations] CAPPING events from decorations provider vscode.git 1721
2023-03-07 18:46:16.762 [warning] [Decorations] CAPPING events from decorations provider vscode.git 1722
2023-03-07 18:46:39.358 [warning] [Decorations] CAPPING events from decorations provider vscode.git 1721
2023-03-07 18:46:44.449 [warning] [Decorations] CAPPING events from decorations provider vscode.git 1721
2023-03-07 18:46:49.536 [warning] [Decorations] CAPPING events from decorations provider vscode.git 1722
2023-03-07 18:47:15.051 [warning] [Decorations] CAPPING events from decorations provider vscode.git 1722
2023-03-07 18:47:20.970 [warning] [Decorations] CAPPING events from decorations provider vscode.git 1723
2023-03-07 18:47:26.115 [warning] [Decorations] CAPPING events from decorations provider vscode.git 1723
2023-03-07 18:47:48.157 [warning] [Decorations] CAPPING events from decorations provider vscode.git 1724
2023-03-07 18:48:03.435 [warning] [Decorations] CAPPING events from decorations provider vscode.git 1723
2023-03-07 18:48:08.526 [warning] [Decorations] CAPPING events from decorations provider vscode.git 1724
2023-03-07 18:48:13.618 [warning] [Decorations] CAPPING events from decorations provider vscode.git 1724
2023-03-07 18:48:29.167 [warning] [Decorations] CAPPING events from decorations provider vscode.git 1724
2023-03-07 18:48:34.255 [warning] [Decorations] CAPPING events from decorations provider vscode.git 1725
2023-03-07 18:49:29.676 [warning] [Decorations] CAPPING events from decorations provider vscode.git 1725
2023-03-07 18:49:34.785 [warning] [Decorations] CAPPING events from decorations provider vscode.git 1726
2023-03-07 18:49:39.888 [warning] [Decorations] CAPPING events from decorations provider vscode.git 1726
2023-03-07 18:49:44.979 [warning] [Decorations] CAPPING events from decorations provider vscode.git 1727
2023-03-07 18:49:53.327 [warning] [Decorations] CAPPING events from decorations provider vscode.git 1728
2023-03-07 18:50:54.241 [warning] [Decorations] CAPPING events from decorations provider vscode.git 1728
2023-03-07 18:51:14.911 [warning] [Decorations] CAPPING events from decorations provider vscode.git 1720
2023-03-07 18:52:51.759 [warning] [Decorations] CAPPING events from decorations provider vscode.git 1720
2023-03-07 18:53:24.368 [warning] [Decorations] CAPPING events from decorations provider vscode.git 1720
2023-03-07 18:54:01.534 [warning] [Decorations] CAPPING events from decorations provider vscode.git 1721
2023-03-07 18:54:06.621 [warning] [Decorations] CAPPING events from decorations provider vscode.git 1721
2023-03-07 18:54:46.464 [warning] [Decorations] CAPPING events from decorations provider vscode.git 1721
2023-03-07 18:54:51.555 [warning] [Decorations] CAPPING events from decorations provider vscode.git 1721
2023-03-07 18:54:56.648 [warning] [Decorations] CAPPING events from decorations provider vscode.git 1722
2023-03-07 18:55:01.758 [warning] [Decorations] CAPPING events from decorations provider vscode.git 1722
2023-03-07 18:55:55.706 [warning] [Decorations] CAPPING events from decorations provider vscode.git 1723
2023-03-07 18:56:00.802 [warning] [Decorations] CAPPING events from decorations provider vscode.git 1722
2023-03-07 18:56:09.633 [warning] [Decorations] CAPPING events from decorations provider vscode.git 1723
2023-03-07 18:56:22.564 [warning] [Decorations] CAPPING events from decorations provider vscode.git 1723
2023-03-07 18:56:29.685 [warning] [Decorations] CAPPING events from decorations provider vscode.git 1724
2023-03-07 18:56:34.814 [warning] [Decorations] CAPPING events from decorations provider vscode.git 1724
2023-03-07 18:56:39.898 [warning] [Decorations] CAPPING events from decorations provider vscode.git 1724
2023-03-07 18:57:03.180 [warning] [Decorations] CAPPING events from decorations provider vscode.git 1724
2023-03-07 18:57:08.272 [warning] [Decorations] CAPPING events from decorations provider vscode.git 1724
2023-03-07 18:57:13.366 [warning] [Decorations] CAPPING events from decorations provider vscode.git 1724
2023-03-07 18:57:23.418 [warning] [Decorations] CAPPING events from decorations provider vscode.git 1726
2023-03-07 18:57:28.509 [warning] [Decorations] CAPPING events from decorations provider vscode.git 1726
2023-03-07 18:57:39.532 [warning] [Decorations] CAPPING events from decorations provider vscode.git 1726
2023-03-07 18:58:37.084 [warning] [Decorations] CAPPING events from decorations provider vscode.git 1726
2023-03-07 18:59:29.219 [warning] [Decorations] CAPPING events from decorations provider vscode.git 1727
2023-03-07 18:59:42.179 [warning] [Decorations] CAPPING events from decorations provider vscode.git 1728
2023-03-07 18:59:47.277 [warning] [Decorations] CAPPING events from decorations provider vscode.git 1728
2023-03-07 19:00:01.067 [warning] [Decorations] CAPPING events from decorations provider vscode.git 1728
2023-03-07 19:00:06.155 [warning] [Decorations] CAPPING events from decorations provider vscode.git 1728
2023-03-07 19:00:45.182 [warning] [Decorations] CAPPING events from decorations provider vscode.git 1728
2023-03-07 19:00:51.255 [warning] [Decorations] CAPPING events from decorations provider vscode.git 1724
2023-03-07 19:00:56.348 [warning] [Decorations] CAPPING events from decorations provider vscode.git 1724
2023-03-07 19:01:01.439 [warning] [Decorations] CAPPING events from decorations provider vscode.git 1724
2023-03-07 19:01:06.579 [warning] [Decorations] CAPPING events from decorations provider vscode.git 1724
2023-03-07 19:01:11.662 [warning] [Decorations] CAPPING events from decorations provider vscode.git 1724
2023-03-07 19:01:16.749 [warning] [Decorations] CAPPING events from decorations provider vscode.git 1724
2023-03-07 19:01:22.112 [warning] [Decorations] CAPPING events from decorations provider vscode.git 1725
2023-03-07 19:01:42.754 [warning] [Decorations] CAPPING events from decorations provider vscode.git 1724
2023-03-07 19:05:08.769 [warning] [Decorations] CAPPING events from decorations provider vscode.git 1724
2023-03-07 19:05:13.858 [warning] [Decorations] CAPPING events from decorations provider vscode.git 1725
2023-03-07 19:05:24.052 [warning] [Decorations] CAPPING events from decorations provider vscode.git 1725
2023-03-07 19:05:34.836 [warning] [Decorations] CAPPING events from decorations provider vscode.git 1726
2023-03-07 19:05:39.966 [warning] [Decorations] CAPPING events from decorations provider vscode.git 1725
2023-03-07 19:05:45.087 [warning] [Decorations] CAPPING events from decorations provider vscode.git 1725
2023-03-07 19:05:57.372 [warning] [Decorations] CAPPING events from decorations provider vscode.git 1724
2023-03-07 19:06:19.745 [warning] [Decorations] CAPPING events from decorations provider vscode.git 1725
2023-03-07 19:06:24.870 [warning] [Decorations] CAPPING events from decorations provider vscode.git 1724
2023-03-07 19:06:32.968 [warning] [Decorations] CAPPING events from decorations provider vscode.git 1725
2023-03-07 19:06:38.056 [warning] [Decorations] CAPPING events from decorations provider vscode.git 1726
2023-03-07 19:06:43.572 [warning] [Decorations] CAPPING events from decorations provider vscode.git 1726
2023-03-07 19:06:48.662 [warning] [Decorations] CAPPING events from decorations provider vscode.git 1727
2023-03-07 19:07:03.737 [warning] [Decorations] CAPPING events from decorations provider vscode.git 1726
2023-03-07 19:07:28.528 [warning] [Decorations] CAPPING events from decorations provider vscode.git 1726
2023-03-07 19:07:33.615 [warning] [Decorations] CAPPING events from decorations provider vscode.git 1726
2023-03-07 19:07:51.888 [warning] [Decorations] CAPPING events from decorations provider vscode.git 1727
2023-03-07 19:07:56.981 [warning] [Decorations] CAPPING events from decorations provider vscode.git 1727
2023-03-07 19:08:02.848 [warning] [Decorations] CAPPING events from decorations provider vscode.git 1728
2023-03-07 19:08:10.677 [warning] [Decorations] CAPPING events from decorations provider vscode.git 1728
2023-03-07 19:08:27.066 [warning] [Decorations] CAPPING events from decorations provider vscode.git 1729
2023-03-07 19:08:32.156 [warning] [Decorations] CAPPING events from decorations provider vscode.git 1729
2023-03-07 19:08:37.246 [warning] [Decorations] CAPPING events from decorations provider vscode.git 1730
2023-03-07 19:08:42.358 [warning] [Decorations] CAPPING events from decorations provider vscode.git 1730
2023-03-07 19:08:47.470 [warning] [Decorations] CAPPING events from decorations provider vscode.git 1730
2023-03-07 19:09:06.918 [warning] [Decorations] CAPPING events from decorations provider vscode.git 1731
2023-03-07 19:09:12.008 [warning] [Decorations] CAPPING events from decorations provider vscode.git 1731
2023-03-07 19:10:01.118 [warning] [Decorations] CAPPING events from decorations provider vscode.git 1731
2023-03-07 19:10:06.203 [warning] [Decorations] CAPPING events from decorations provider vscode.git 1732
2023-03-07 19:10:11.292 [warning] [Decorations] CAPPING events from decorations provider vscode.git 1732
2023-03-07 19:10:16.375 [warning] [Decorations] CAPPING events from decorations provider vscode.git 1733
2023-03-07 19:10:27.605 [warning] [Decorations] CAPPING events from decorations provider vscode.git 1732
2023-03-07 19:10:36.484 [warning] [Decorations] CAPPING events from decorations provider vscode.git 1733
2023-03-07 19:10:41.568 [warning] [Decorations] CAPPING events from decorations provider vscode.git 1734
2023-03-07 19:10:46.658 [warning] [Decorations] CAPPING events from decorations provider vscode.git 1735
2023-03-07 19:10:54.246 [warning] [Decorations] CAPPING events from decorations provider vscode.git 1724
2023-03-07 19:10:59.328 [warning] [Decorations] CAPPING events from decorations provider vscode.git 1725
2023-03-07 19:11:43.405 [warning] [Decorations] CAPPING events from decorations provider vscode.git 1725
2023-03-07 19:11:55.897 [warning] [Decorations] CAPPING events from decorations provider vscode.git 1724
2023-03-07 19:12:06.454 [warning] [Decorations] CAPPING events from decorations provider vscode.git 1724
2023-03-07 19:12:36.372 [warning] [Decorations] CAPPING events from decorations provider vscode.git 1725
2023-03-07 19:12:46.194 [warning] [Decorations] CAPPING events from decorations provider vscode.git 1726
2023-03-07 19:12:51.275 [warning] [Decorations] CAPPING events from decorations provider vscode.git 1726
2023-03-07 19:13:05.300 [warning] [Decorations] CAPPING events from decorations provider vscode.git 1727
2023-03-07 19:13:10.390 [warning] [Decorations] CAPPING events from decorations provider vscode.git 1727
2023-03-07 19:13:38.461 [warning] [Decorations] CAPPING events from decorations provider vscode.git 1728
2023-03-07 19:13:43.615 [warning] [Decorations] CAPPING events from decorations provider vscode.git 1729
2023-03-07 19:13:48.714 [warning] [Decorations] CAPPING events from decorations provider vscode.git 1730
2023-03-07 19:14:05.431 [warning] [Decorations] CAPPING events from decorations provider vscode.git 1729
2023-03-07 19:15:07.564 [warning] [Decorations] CAPPING events from decorations provider vscode.git 1729
2023-03-07 19:15:12.734 [warning] [Decorations] CAPPING events from decorations provider vscode.git 1730
2023-03-07 19:15:17.816 [warning] [Decorations] CAPPING events from decorations provider vscode.git 1730
2023-03-07 19:15:22.913 [warning] [Decorations] CAPPING events from decorations provider vscode.git 1731
2023-03-07 19:15:40.102 [warning] [Decorations] CAPPING events from decorations provider vscode.git 1731
2023-03-07 19:15:45.199 [warning] [Decorations] CAPPING events from decorations provider vscode.git 1731
2023-03-07 19:16:11.624 [warning] [Decorations] CAPPING events from decorations provider vscode.git 1724
2023-03-07 19:16:45.526 [warning] [Decorations] CAPPING events from decorations provider vscode.git 1724
2023-03-07 19:16:58.938 [warning] [Decorations] CAPPING events from decorations provider vscode.git 1724
2023-03-07 19:17:04.035 [warning] [Decorations] CAPPING events from decorations provider vscode.git 1725
2023-03-07 19:17:09.138 [warning] [Decorations] CAPPING events from decorations provider vscode.git 1724
2023-03-07 19:17:14.234 [warning] [Decorations] CAPPING events from decorations provider vscode.git 1724
2023-03-07 19:17:19.325 [warning] [Decorations] CAPPING events from decorations provider vscode.git 1725
2023-03-07 19:17:24.430 [warning] [Decorations] CAPPING events from decorations provider vscode.git 1725
2023-03-07 19:18:03.294 [warning] [Decorations] CAPPING events from decorations provider vscode.git 1725
2023-03-07 19:18:10.494 [warning] [Decorations] CAPPING events from decorations provider vscode.git 1726
2023-03-07 19:18:15.588 [warning] [Decorations] CAPPING events from decorations provider vscode.git 1726
2023-03-07 19:18:23.237 [warning] [Decorations] CAPPING events from decorations provider vscode.git 1726
2023-03-07 19:18:28.323 [warning] [Decorations] CAPPING events from decorations provider vscode.git 1727
2023-03-07 19:18:39.325 [warning] [Decorations] CAPPING events from decorations provider vscode.git 1727
2023-03-07 19:19:06.200 [warning] [Decorations] CAPPING events from decorations provider vscode.git 1727
2023-03-07 19:20:09.944 [warning] [Decorations] CAPPING events from decorations provider vscode.git 1727
2023-03-07 19:20:15.081 [warning] [Decorations] CAPPING events from decorations provider vscode.git 1728
2023-03-07 19:20:21.935 [warning] [Decorations] CAPPING events from decorations provider vscode.git 1728
2023-03-07 19:20:27.813 [warning] [Decorations] CAPPING events from decorations provider vscode.git 1728
2023-03-07 19:20:32.907 [warning] [Decorations] CAPPING events from decorations provider vscode.git 1728
2023-03-07 19:20:37.993 [warning] [Decorations] CAPPING events from decorations provider vscode.git 1728
2023-03-07 19:20:43.082 [warning] [Decorations] CAPPING events from decorations provider vscode.git 1728
2023-03-07 19:20:48.182 [warning] [Decorations] CAPPING events from decorations provider vscode.git 1728
2023-03-07 19:20:55.235 [warning] [Decorations] CAPPING events from decorations provider vscode.git 1725
2023-03-07 19:21:02.526 [warning] [Decorations] CAPPING events from decorations provider vscode.git 1724
2023-03-07 19:21:16.841 [warning] [Decorations] CAPPING events from decorations provider vscode.git 1725
2023-03-07 19:21:21.933 [warning] [Decorations] CAPPING events from decorations provider vscode.git 1725
2023-03-07 19:21:45.488 [warning] [Decorations] CAPPING events from decorations provider vscode.git 1726
2023-03-07 19:21:54.825 [warning] [Decorations] CAPPING events from decorations provider vscode.git 1726
2023-03-07 19:22:07.190 [warning] [Decorations] CAPPING events from decorations provider vscode.git 1726
2023-03-07 19:22:12.282 [warning] [Decorations] CAPPING events from decorations provider vscode.git 1727
2023-03-07 19:22:17.374 [warning] [Decorations] CAPPING events from decorations provider vscode.git 1728
2023-03-07 19:22:26.315 [warning] [Decorations] CAPPING events from decorations provider vscode.git 1727
2023-03-07 19:22:32.543 [warning] [Decorations] CAPPING events from decorations provider vscode.git 1728
2023-03-07 19:22:37.635 [warning] [Decorations] CAPPING events from decorations provider vscode.git 1728
2023-03-07 19:22:42.727 [warning] [Decorations] CAPPING events from decorations provider vscode.git 1728
2023-03-07 19:22:48.229 [warning] [Decorations] CAPPING events from decorations provider vscode.git 1728
2023-03-07 19:22:53.387 [warning] [Decorations] CAPPING events from decorations provider vscode.git 1729
2023-03-07 19:23:03.624 [warning] [Decorations] CAPPING events from decorations provider vscode.git 1728
2023-03-07 19:23:52.889 [warning] [Decorations] CAPPING events from decorations provider vscode.git 1728
2023-03-07 19:23:57.981 [warning] [Decorations] CAPPING events from decorations provider vscode.git 1729
2023-03-07 19:24:03.078 [warning] [Decorations] CAPPING events from decorations provider vscode.git 1730
2023-03-07 19:24:10.488 [warning] [Decorations] CAPPING events from decorations provider vscode.git 1729
2023-03-07 19:24:15.578 [warning] [Decorations] CAPPING events from decorations provider vscode.git 1730
2023-03-07 19:24:49.248 [warning] [Decorations] CAPPING events from decorations provider vscode.git 1731
2023-03-07 19:24:54.335 [warning] [Decorations] CAPPING events from decorations provider vscode.git 1731
2023-03-07 19:24:59.442 [warning] [Decorations] CAPPING events from decorations provider vscode.git 1731
2023-03-07 19:26:21.713 [warning] [Decorations] CAPPING events from decorations provider vscode.git 1731
2023-03-07 19:26:26.851 [warning] [Decorations] CAPPING events from decorations provider vscode.git 1723
2023-03-07 19:27:01.661 [warning] [Decorations] CAPPING events from decorations provider vscode.git 1724
2023-03-07 19:27:06.752 [warning] [Decorations] CAPPING events from decorations provider vscode.git 1725
2023-03-07 19:27:22.503 [warning] [Decorations] CAPPING events from decorations provider vscode.git 1724
2023-03-07 19:27:27.583 [warning] [Decorations] CAPPING events from decorations provider vscode.git 1724
2023-03-07 19:27:33.715 [warning] [Decorations] CAPPING events from decorations provider vscode.git 1725
2023-03-07 19:27:41.877 [warning] [Decorations] CAPPING events from decorations provider vscode.git 1726
2023-03-07 19:27:54.139 [warning] [Decorations] CAPPING events from decorations provider vscode.git 1725
2023-03-07 19:27:59.236 [warning] [Decorations] CAPPING events from decorations provider vscode.git 1726
2023-03-07 19:28:05.983 [warning] [Decorations] CAPPING events from decorations provider vscode.git 1727
2023-03-07 19:28:11.072 [warning] [Decorations] CAPPING events from decorations provider vscode.git 1727
2023-03-07 19:28:16.165 [warning] [Decorations] CAPPING events from decorations provider vscode.git 1727
2023-03-07 19:28:21.258 [warning] [Decorations] CAPPING events from decorations provider vscode.git 1728
2023-03-07 19:28:26.345 [warning] [Decorations] CAPPING events from decorations provider vscode.git 1727
2023-03-07 19:28:31.842 [warning] [Decorations] CAPPING events from decorations provider vscode.git 1728
2023-03-07 19:28:36.924 [warning] [Decorations] CAPPING events from decorations provider vscode.git 1728
2023-03-07 19:28:48.326 [warning] [Decorations] CAPPING events from decorations provider vscode.git 1728
2023-03-07 19:28:53.407 [warning] [Decorations] CAPPING events from decorations provider vscode.git 1729
2023-03-07 19:29:22.867 [warning] [Decorations] CAPPING events from decorations provider vscode.git 1728
2023-03-07 19:29:40.823 [warning] [Decorations] CAPPING events from decorations provider vscode.git 1729
2023-03-07 19:29:45.919 [warning] [Decorations] CAPPING events from decorations provider vscode.git 1730
2023-03-07 19:29:51.005 [warning] [Decorations] CAPPING events from decorations provider vscode.git 1730
2023-03-07 19:29:56.098 [warning] [Decorations] CAPPING events from decorations provider vscode.git 1731
2023-03-07 19:30:13.153 [warning] [Decorations] CAPPING events from decorations provider vscode.git 1730
2023-03-07 19:30:18.244 [warning] [Decorations] CAPPING events from decorations provider vscode.git 1730
2023-03-07 19:30:23.576 [warning] [Decorations] CAPPING events from decorations provider vscode.git 1730
2023-03-07 19:30:45.453 [warning] [Decorations] CAPPING events from decorations provider vscode.git 1730
2023-03-07 19:31:32.624 [warning] [Decorations] CAPPING events from decorations provider vscode.git 1723
2023-03-07 19:31:51.849 [warning] [Decorations] CAPPING events from decorations provider vscode.git 1723
2023-03-07 19:35:11.017 [warning] [Decorations] CAPPING events from decorations provider vscode.git 1723
2023-03-07 19:35:33.327 [warning] [Decorations] CAPPING events from decorations provider vscode.git 1723
2023-03-07 19:36:33.369 [warning] [Decorations] CAPPING events from decorations provider vscode.git 1723
2023-03-07 19:38:32.343 [warning] [Decorations] CAPPING events from decorations provider vscode.git 1724
2023-03-07 19:38:37.442 [warning] [Decorations] CAPPING events from decorations provider vscode.git 1724
2023-03-07 19:38:42.533 [warning] [Decorations] CAPPING events from decorations provider vscode.git 1725
2023-03-07 19:39:10.686 [warning] [Decorations] CAPPING events from decorations provider vscode.git 1724
2023-03-07 19:39:15.791 [warning] [Decorations] CAPPING events from decorations provider vscode.git 1725
2023-03-07 19:40:42.632 [warning] [Decorations] CAPPING events from decorations provider vscode.git 1725
2023-03-07 19:40:47.737 [warning] [Decorations] CAPPING events from decorations provider vscode.git 1725
2023-03-07 19:41:43.405 [warning] [Decorations] CAPPING events from decorations provider vscode.git 1725
2023-03-07 19:42:53.518 [warning] [Decorations] CAPPING events from decorations provider vscode.git 1725
2023-03-07 19:43:42.218 [warning] [Decorations] CAPPING events from decorations provider vscode.git 1725
2023-03-07 19:43:47.308 [warning] [Decorations] CAPPING events from decorations provider vscode.git 1723
2023-03-07 19:44:10.735 [warning] [Decorations] CAPPING events from decorations provider vscode.git 1724
2023-03-07 19:44:15.836 [warning] [Decorations] CAPPING events from decorations provider vscode.git 1724
2023-03-07 19:44:21.240 [warning] [Decorations] CAPPING events from decorations provider vscode.git 1725
2023-03-07 19:44:36.200 [warning] [Decorations] CAPPING events from decorations provider vscode.git 1724
2023-03-07 19:45:18.268 [warning] [Decorations] CAPPING events from decorations provider vscode.git 1724
2023-03-07 19:45:23.363 [warning] [Decorations] CAPPING events from decorations provider vscode.git 1725
2023-03-07 19:45:28.454 [warning] [Decorations] CAPPING events from decorations provider vscode.git 1725
2023-03-07 19:45:33.548 [warning] [Decorations] CAPPING events from decorations provider vscode.git 1726
2023-03-07 19:45:38.632 [warning] [Decorations] CAPPING events from decorations provider vscode.git 1726
2023-03-07 19:45:43.726 [warning] [Decorations] CAPPING events from decorations provider vscode.git 1726
2023-03-07 19:45:48.817 [warning] [Decorations] CAPPING events from decorations provider vscode.git 1727
2023-03-07 19:45:53.904 [warning] [Decorations] CAPPING events from decorations provider vscode.git 1726
2023-03-07 19:46:00.788 [warning] [Decorations] CAPPING events from decorations provider vscode.git 1727
2023-03-07 19:46:18.025 [warning] [Decorations] CAPPING events from decorations provider vscode.git 1727
2023-03-07 19:46:33.116 [warning] [Decorations] CAPPING events from decorations provider vscode.git 1727
2023-03-07 19:47:10.202 [warning] [Decorations] CAPPING events from decorations provider vscode.git 1727
2023-03-07 19:47:15.299 [warning] [Decorations] CAPPING events from decorations provider vscode.git 1728
2023-03-07 19:47:20.431 [warning] [Decorations] CAPPING events from decorations provider vscode.git 1729
2023-03-07 19:47:35.272 [warning] [Decorations] CAPPING events from decorations provider vscode.git 1728
2023-03-07 19:47:40.354 [warning] [Decorations] CAPPING events from decorations provider vscode.git 1729
2023-03-07 19:48:27.013 [warning] [Decorations] CAPPING events from decorations provider vscode.git 1729
2023-03-07 19:48:32.346 [warning] [Decorations] CAPPING events from decorations provider vscode.git 1730
2023-03-07 19:48:37.436 [warning] [Decorations] CAPPING events from decorations provider vscode.git 1730
2023-03-07 19:49:25.085 [warning] [Decorations] CAPPING events from decorations provider vscode.git 1731
2023-03-07 19:49:30.265 [warning] [Decorations] CAPPING events from decorations provider vscode.git 1724
2023-03-07 19:49:35.352 [warning] [Decorations] CAPPING events from decorations provider vscode.git 1724
2023-03-07 19:49:40.450 [warning] [Decorations] CAPPING events from decorations provider vscode.git 1725
2023-03-07 19:49:59.523 [warning] [Decorations] CAPPING events from decorations provider vscode.git 1726
2023-03-07 19:50:04.616 [warning] [Decorations] CAPPING events from decorations provider vscode.git 1725
2023-03-07 19:50:09.738 [warning] [Decorations] CAPPING events from decorations provider vscode.git 1725
2023-03-07 19:50:22.932 [warning] [Decorations] CAPPING events from decorations provider vscode.git 1725
2023-03-07 19:51:32.755 [warning] [Decorations] CAPPING events from decorations provider vscode.git 1725
2023-03-07 19:51:56.675 [warning] [Decorations] CAPPING events from decorations provider vscode.git 1726
2023-03-07 19:52:02.262 [warning] [Decorations] CAPPING events from decorations provider vscode.git 1726
2023-03-07 19:52:07.351 [warning] [Decorations] CAPPING events from decorations provider vscode.git 1726
2023-03-07 19:52:12.483 [warning] [Decorations] CAPPING events from decorations provider vscode.git 1726
2023-03-07 19:52:17.564 [warning] [Decorations] CAPPING events from decorations provider vscode.git 1726
2023-03-07 19:52:22.650 [warning] [Decorations] CAPPING events from decorations provider vscode.git 1727
2023-03-07 19:52:31.098 [warning] [Decorations] CAPPING events from decorations provider vscode.git 1726
2023-03-07 19:52:57.809 [warning] [Decorations] CAPPING events from decorations provider vscode.git 1726
2023-03-07 19:53:02.900 [warning] [Decorations] CAPPING events from decorations provider vscode.git 1726
2023-03-07 19:53:08.882 [warning] [Decorations] CAPPING events from decorations provider vscode.git 1726
2023-03-07 19:53:13.974 [warning] [Decorations] CAPPING events from decorations provider vscode.git 1726
2023-03-07 19:53:23.034 [warning] [Decorations] CAPPING events from decorations provider vscode.git 1727
2023-03-07 19:53:28.123 [warning] [Decorations] CAPPING events from decorations provider vscode.git 1727
2023-03-07 19:53:46.790 [warning] [Decorations] CAPPING events from decorations provider vscode.git 1727
2023-03-07 19:53:51.881 [warning] [Decorations] CAPPING events from decorations provider vscode.git 1725
2023-03-07 19:54:33.503 [warning] [Decorations] CAPPING events from decorations provider vscode.git 1725
2023-03-07 19:56:07.091 [warning] [Decorations] CAPPING events from decorations provider vscode.git 1725
2023-03-07 19:56:12.203 [warning] [Decorations] CAPPING events from decorations provider vscode.git 1725
2023-03-07 19:58:53.171 [warning] [Decorations] CAPPING events from decorations provider vscode.git 1725
2023-03-07 19:59:53.806 [warning] [Decorations] CAPPING events from decorations provider vscode.git 1725
2023-03-07 20:00:13.471 [warning] [Decorations] CAPPING events from decorations provider vscode.git 1725
2023-03-07 20:00:53.805 [warning] [Decorations] CAPPING events from decorations provider vscode.git 1725
2023-03-07 20:01:53.808 [warning] [Decorations] CAPPING events from decorations provider vscode.git 1725
2023-03-07 20:02:43.354 [warning] [Decorations] CAPPING events from decorations provider vscode.git 1725
2023-03-07 20:03:53.911 [warning] [Decorations] CAPPING events from decorations provider vscode.git 1725
2023-03-07 20:05:13.020 [warning] [Decorations] CAPPING events from decorations provider vscode.git 1725
2023-03-07 20:05:51.408 [warning] [Decorations] CAPPING events from decorations provider vscode.git 1726
2023-03-07 20:05:56.543 [warning] [Decorations] CAPPING events from decorations provider vscode.git 1726
2023-03-07 20:06:01.631 [warning] [Decorations] CAPPING events from decorations provider vscode.git 1726
2023-03-07 20:06:06.716 [warning] [Decorations] CAPPING events from decorations provider vscode.git 1726
2023-03-07 20:06:21.843 [warning] [Decorations] CAPPING events from decorations provider vscode.git 1727
2023-03-07 20:06:26.968 [warning] [Decorations] CAPPING events from decorations provider vscode.git 1726
2023-03-07 20:06:32.102 [warning] [Decorations] CAPPING events from decorations provider vscode.git 1727
2023-03-07 20:06:37.178 [warning] [Decorations] CAPPING events from decorations provider vscode.git 1727
2023-03-07 20:06:42.267 [warning] [Decorations] CAPPING events from decorations provider vscode.git 1727
2023-03-07 20:07:57.135 [warning] [Decorations] CAPPING events from decorations provider vscode.git 1728
2023-03-07 20:08:02.228 [warning] [Decorations] CAPPING events from decorations provider vscode.git 1727
2023-03-07 20:08:07.320 [warning] [Decorations] CAPPING events from decorations provider vscode.git 1728
2023-03-07 20:08:12.412 [warning] [Decorations] CAPPING events from decorations provider vscode.git 1728
2023-03-07 20:08:47.406 [warning] [Decorations] CAPPING events from decorations provider vscode.git 1728
2023-03-07 20:08:57.810 [warning] [Decorations] CAPPING events from decorations provider vscode.git 1728
2023-03-07 20:09:11.144 [warning] [Decorations] CAPPING events from decorations provider vscode.git 1729
2023-03-07 20:09:16.244 [warning] [Decorations] CAPPING events from decorations provider vscode.git 1729
2023-03-07 20:09:21.361 [warning] [Decorations] CAPPING events from decorations provider vscode.git 1730
2023-03-07 20:09:33.524 [warning] [Decorations] CAPPING events from decorations provider vscode.git 1729
2023-03-07 20:10:17.552 [warning] [Decorations] CAPPING events from decorations provider vscode.git 1729
2023-03-07 20:11:11.485 [warning] [Decorations] CAPPING events from decorations provider vscode.git 1729
2023-03-07 20:11:59.413 [warning] [Decorations] CAPPING events from decorations provider vscode.git 1725
2023-03-07 20:12:55.901 [warning] [Decorations] CAPPING events from decorations provider vscode.git 1726
2023-03-07 20:13:00.992 [warning] [Decorations] CAPPING events from decorations provider vscode.git 1726
2023-03-07 20:13:06.186 [warning] [Decorations] CAPPING events from decorations provider vscode.git 1726
2023-03-07 20:13:11.274 [warning] [Decorations] CAPPING events from decorations provider vscode.git 1726
2023-03-07 20:13:30.339 [warning] [Decorations] CAPPING events from decorations provider vscode.git 1726
2023-03-07 20:13:35.431 [warning] [Decorations] CAPPING events from decorations provider vscode.git 1726
2023-03-07 20:13:40.522 [warning] [Decorations] CAPPING events from decorations provider vscode.git 1727
2023-03-07 20:13:55.708 [warning] [Decorations] CAPPING events from decorations provider vscode.git 1726
2023-03-07 20:15:15.798 [warning] [Decorations] CAPPING events from decorations provider vscode.git 1726
2023-03-07 20:15:57.059 [warning] [Decorations] CAPPING events from decorations provider vscode.git 1727
2023-03-07 20:16:02.187 [warning] [Decorations] CAPPING events from decorations provider vscode.git 1728
2023-03-07 20:16:10.417 [warning] [Decorations] CAPPING events from decorations provider vscode.git 1727
2023-03-07 20:16:15.535 [warning] [Decorations] CAPPING events from decorations provider vscode.git 1725
2023-03-07 20:16:20.631 [warning] [Decorations] CAPPING events from decorations provider vscode.git 1726
2023-03-07 20:16:42.717 [warning] [Decorations] CAPPING events from decorations provider vscode.git 1726
2023-03-07 20:16:47.917 [warning] [Decorations] CAPPING events from decorations provider vscode.git 1726
2023-03-07 20:16:59.658 [warning] [Decorations] CAPPING events from decorations provider vscode.git 1726
2023-03-07 20:17:04.740 [warning] [Decorations] CAPPING events from decorations provider vscode.git 1727
2023-03-07 20:17:50.920 [warning] [Decorations] CAPPING events from decorations provider vscode.git 1727
2023-03-07 20:17:59.658 [warning] [Decorations] CAPPING events from decorations provider vscode.git 1727
2023-03-07 20:18:26.982 [warning] [Decorations] CAPPING events from decorations provider vscode.git 1727
2023-03-07 20:18:57.158 [warning] [Decorations] CAPPING events from decorations provider vscode.git 1727
2023-03-07 20:19:02.251 [warning] [Decorations] CAPPING events from decorations provider vscode.git 1727
2023-03-07 20:19:26.250 [warning] [Decorations] CAPPING events from decorations provider vscode.git 1728
2023-03-07 20:19:34.052 [warning] [Decorations] CAPPING events from decorations provider vscode.git 1728
2023-03-07 20:19:41.241 [warning] [Decorations] CAPPING events from decorations provider vscode.git 1729
2023-03-07 20:19:46.338 [warning] [Decorations] CAPPING events from decorations provider vscode.git 1729
2023-03-07 20:19:51.427 [warning] [Decorations] CAPPING events from decorations provider vscode.git 1730
2023-03-07 20:19:56.519 [warning] [Decorations] CAPPING events from decorations provider vscode.git 1731
2023-03-07 20:20:15.023 [warning] [Decorations] CAPPING events from decorations provider vscode.git 1730
2023-03-07 20:20:20.120 [warning] [Decorations] CAPPING events from decorations provider vscode.git 1730
2023-03-07 20:21:13.292 [warning] [Decorations] CAPPING events from decorations provider vscode.git 1731
2023-03-07 20:21:18.380 [warning] [Decorations] CAPPING events from decorations provider vscode.git 1726
2023-03-07 20:21:23.476 [warning] [Decorations] CAPPING events from decorations provider vscode.git 1726
2023-03-07 20:21:28.571 [warning] [Decorations] CAPPING events from decorations provider vscode.git 1726
2023-03-07 20:21:33.704 [warning] [Decorations] CAPPING events from decorations provider vscode.git 1727
2023-03-07 20:21:40.197 [warning] [Decorations] CAPPING events from decorations provider vscode.git 1727
2023-03-07 20:21:45.278 [warning] [Decorations] CAPPING events from decorations provider vscode.git 1727
2023-03-07 20:21:50.367 [warning] [Decorations] CAPPING events from decorations provider vscode.git 1727
2023-03-07 20:23:06.344 [warning] [Decorations] CAPPING events from decorations provider vscode.git 1728
2023-03-07 20:23:11.437 [warning] [Decorations] CAPPING events from decorations provider vscode.git 1727
2023-03-07 20:23:26.266 [warning] [Decorations] CAPPING events from decorations provider vscode.git 1728
2023-03-07 20:23:31.373 [warning] [Decorations] CAPPING events from decorations provider vscode.git 1728
2023-03-07 20:23:59.528 [warning] [Decorations] CAPPING events from decorations provider vscode.git 1728
2023-03-07 20:24:05.063 [warning] [Decorations] CAPPING events from decorations provider vscode.git 1729
2023-03-07 20:24:10.148 [warning] [Decorations] CAPPING events from decorations provider vscode.git 1729
2023-03-07 20:24:15.229 [warning] [Decorations] CAPPING events from decorations provider vscode.git 1729
2023-03-07 20:24:20.314 [warning] [Decorations] CAPPING events from decorations provider vscode.git 1729
2023-03-07 20:24:25.408 [warning] [Decorations] CAPPING events from decorations provider vscode.git 1729
2023-03-07 20:24:41.034 [warning] [Decorations] CAPPING events from decorations provider vscode.git 1730
2023-03-07 20:24:46.122 [warning] [Decorations] CAPPING events from decorations provider vscode.git 1730
2023-03-07 20:24:51.247 [warning] [Decorations] CAPPING events from decorations provider vscode.git 1730
2023-03-07 20:25:06.033 [warning] [Decorations] CAPPING events from decorations provider vscode.git 1731
2023-03-07 20:25:14.565 [warning] [Decorations] CAPPING events from decorations provider vscode.git 1730
2023-03-07 20:25:56.256 [warning] [Decorations] CAPPING events from decorations provider vscode.git 1731
2023-03-07 20:26:01.342 [warning] [Decorations] CAPPING events from decorations provider vscode.git 1731
2023-03-07 20:26:06.436 [warning] [Decorations] CAPPING events from decorations provider vscode.git 1731
2023-03-07 20:26:11.518 [warning] [Decorations] CAPPING events from decorations provider vscode.git 1731
2023-03-07 20:26:16.627 [warning] [Decorations] CAPPING events from decorations provider vscode.git 1727
2023-03-07 20:26:21.720 [warning] [Decorations] CAPPING events from decorations provider vscode.git 1727
2023-03-07 20:26:26.809 [warning] [Decorations] CAPPING events from decorations provider vscode.git 1728
2023-03-07 20:26:41.547 [warning] [Decorations] CAPPING events from decorations provider vscode.git 1727
2023-03-07 20:27:06.998 [warning] [Decorations] CAPPING events from decorations provider vscode.git 1727
2023-03-07 20:27:16.105 [warning] [Decorations] CAPPING events from decorations provider vscode.git 1728
2023-03-07 20:27:21.200 [warning] [Decorations] CAPPING events from decorations provider vscode.git 1729
2023-03-07 20:27:26.337 [warning] [Decorations] CAPPING events from decorations provider vscode.git 1728
2023-03-07 20:27:31.427 [warning] [Decorations] CAPPING events from decorations provider vscode.git 1728
2023-03-07 20:27:40.377 [warning] [Decorations] CAPPING events from decorations provider vscode.git 1729
2023-03-07 20:27:45.474 [warning] [Decorations] CAPPING events from decorations provider vscode.git 1729
2023-03-07 20:27:50.564 [warning] [Decorations] CAPPING events from decorations provider vscode.git 1729
2023-03-07 20:31:21.870 [warning] [Decorations] CAPPING events from decorations provider vscode.git 1730
2023-03-07 21:43:46.820 [warning] [Decorations] CAPPING events from decorations provider vscode.git 1725
2023-03-07 21:43:51.917 [warning] [Decorations] CAPPING events from decorations provider vscode.git 1725
2023-03-08 00:01:02.535 [warning] [Decorations] CAPPING events from decorations provider vscode.git 1725
2023-03-08 00:01:17.028 [warning] [Decorations] CAPPING events from decorations provider vscode.git 1725
2023-03-08 00:04:17.480 [warning] [Decorations] CAPPING events from decorations provider vscode.git 1725
2023-03-08 00:04:52.071 [warning] [Decorations] CAPPING events from decorations provider vscode.git 1725
2023-03-08 00:06:51.628 [warning] [Decorations] CAPPING events from decorations provider vscode.git 1725
2023-03-08 00:07:02.796 [warning] [Decorations] CAPPING events from decorations provider vscode.git 1725
2023-03-08 00:07:08.883 [warning] [Decorations] CAPPING events from decorations provider vscode.git 1725
2023-03-08 00:08:08.937 [warning] [Decorations] CAPPING events from decorations provider vscode.git 1725
2023-03-08 00:08:37.148 [warning] [Decorations] CAPPING events from decorations provider vscode.git 1726
2023-03-08 00:08:42.232 [warning] [Decorations] CAPPING events from decorations provider vscode.git 1726
2023-03-08 00:09:02.166 [warning] [Decorations] CAPPING events from decorations provider vscode.git 1727
2023-03-08 00:09:07.262 [warning] [Decorations] CAPPING events from decorations provider vscode.git 1726
2023-03-08 00:09:19.254 [warning] [Decorations] CAPPING events from decorations provider vscode.git 1726
2023-03-08 00:09:56.336 [warning] [Decorations] CAPPING events from decorations provider vscode.git 1727
2023-03-08 00:10:01.415 [warning] [Decorations] CAPPING events from decorations provider vscode.git 1727
2023-03-08 00:10:09.528 [warning] [Decorations] CAPPING events from decorations provider vscode.git 1727
2023-03-08 00:10:14.618 [warning] [Decorations] CAPPING events from decorations provider vscode.git 1727
2023-03-08 00:10:36.595 [warning] [Decorations] CAPPING events from decorations provider vscode.git 1728
2023-03-08 00:11:09.085 [warning] [Decorations] CAPPING events from decorations provider vscode.git 1727
2023-03-08 00:12:09.115 [warning] [Decorations] CAPPING events from decorations provider vscode.git 1727
2023-03-08 00:13:09.114 [warning] [Decorations] CAPPING events from decorations provider vscode.git 1727
2023-03-08 00:13:37.159 [warning] [Decorations] CAPPING events from decorations provider vscode.git 1727
2023-03-08 00:13:42.253 [warning] [Decorations] CAPPING events from decorations provider vscode.git 1728
2023-03-08 00:13:47.334 [warning] [Decorations] CAPPING events from decorations provider vscode.git 1728
2023-03-08 00:13:52.424 [warning] [Decorations] CAPPING events from decorations provider vscode.git 1726
2023-03-08 00:13:57.514 [warning] [Decorations] CAPPING events from decorations provider vscode.git 1727
2023-03-08 00:14:07.221 [warning] [Decorations] CAPPING events from decorations provider vscode.git 1726
2023-03-08 00:14:24.784 [warning] [Decorations] CAPPING events from decorations provider vscode.git 1726
2023-03-08 00:15:58.790 [warning] [Decorations] CAPPING events from decorations provider vscode.git 1727
2023-03-08 00:16:03.921 [warning] [Decorations] CAPPING events from decorations provider vscode.git 1728
2023-03-08 00:16:09.015 [warning] [Decorations] CAPPING events from decorations provider vscode.git 1727
2023-03-08 00:16:14.124 [warning] [Decorations] CAPPING events from decorations provider vscode.git 1727
2023-03-08 00:16:45.850 [warning] [Decorations] CAPPING events from decorations provider vscode.git 1727
2023-03-08 00:17:31.411 [warning] [Decorations] CAPPING events from decorations provider vscode.git 1728
2023-03-08 00:18:11.755 [warning] [Decorations] CAPPING events from decorations provider vscode.git 1729
2023-03-08 00:18:16.883 [warning] [Decorations] CAPPING events from decorations provider vscode.git 1728
2023-03-08 00:21:22.267 [warning] [Decorations] CAPPING events from decorations provider vscode.git 1729
2023-03-08 00:21:27.360 [warning] [Decorations] CAPPING events from decorations provider vscode.git 1725
2023-03-08 00:22:22.829 [warning] [Decorations] CAPPING events from decorations provider vscode.git 1725
2023-03-08 00:25:50.943 [warning] [Decorations] CAPPING events from decorations provider vscode.git 1725
2023-03-08 00:25:56.044 [warning] [Decorations] CAPPING events from decorations provider vscode.git 1725
2023-03-08 00:26:20.199 [warning] [Decorations] CAPPING events from decorations provider vscode.git 1726
2023-03-08 00:26:26.027 [warning] [Decorations] CAPPING events from decorations provider vscode.git 1726
2023-03-08 00:26:31.887 [warning] [Decorations] CAPPING events from decorations provider vscode.git 1727
2023-03-08 00:27:10.529 [warning] [Decorations] CAPPING events from decorations provider vscode.git 1726
2023-03-08 00:27:20.819 [warning] [Decorations] CAPPING events from decorations provider vscode.git 1727
2023-03-08 00:27:41.982 [warning] [Decorations] CAPPING events from decorations provider vscode.git 1728
2023-03-08 00:27:47.133 [warning] [Decorations] CAPPING events from decorations provider vscode.git 1727
2023-03-08 00:28:11.222 [warning] [Decorations] CAPPING events from decorations provider vscode.git 1727
2023-03-08 00:29:11.323 [warning] [Decorations] CAPPING events from decorations provider vscode.git 1727
2023-03-08 00:29:19.903 [warning] [Decorations] CAPPING events from decorations provider vscode.git 1727
2023-03-08 00:31:41.641 [warning] [Decorations] CAPPING events from decorations provider vscode.git 1728
2023-03-08 00:31:46.724 [warning] [Decorations] CAPPING events from decorations provider vscode.git 1725
2023-03-08 00:31:51.781 [warning] [Decorations] CAPPING events from decorations provider vscode.git 1725
2023-03-08 01:45:34.790 [info] ExtensionService#_doActivateExtension vscode.html-language-features, startup: false, activationEvent: 'onLanguage:html'
2023-03-08 16:19:04.407 [info] Extension host terminating: renderer closed the MessagePort
2023-03-08 16:19:04.774 [error] Canceled: Canceled
	at new a (/Applications/Visual Studio Code.app/Contents/Resources/app/out/vs/workbench/api/node/extensionHostProcess.js:96:88793)
	at c.O (/Applications/Visual Studio Code.app/Contents/Resources/app/out/vs/workbench/api/node/extensionHostProcess.js:106:11260)
	at V.<computed>.Q.charCodeAt.V.<computed> (/Applications/Visual Studio Code.app/Contents/Resources/app/out/vs/workbench/api/node/extensionHostProcess.js:106:8550)
	at l.g (/Applications/Visual Studio Code.app/Contents/Resources/app/out/vs/workbench/api/node/extensionHostProcess.js:96:108198)
	at l.executeCommand (/Applications/Visual Studio Code.app/Contents/Resources/app/out/vs/workbench/api/node/extensionHostProcess.js:96:107574)
	at O.registerCommand.description (/Applications/Visual Studio Code.app/Contents/Resources/app/out/vs/workbench/api/node/extensionHostProcess.js:96:106867)
	at l.h (/Applications/Visual Studio Code.app/Contents/Resources/app/out/vs/workbench/api/node/extensionHostProcess.js:96:108784)
	at l.g (/Applications/Visual Studio Code.app/Contents/Resources/app/out/vs/workbench/api/node/extensionHostProcess.js:96:107674)
	at l.executeCommand (/Applications/Visual Studio Code.app/Contents/Resources/app/out/vs/workbench/api/node/extensionHostProcess.js:96:107574)
	at Object.executeCommand (/Applications/Visual Studio Code.app/Contents/Resources/app/out/vs/workbench/api/node/extensionHostProcess.js:117:30781)
	at D (/Applications/Visual Studio Code.app/Contents/Resources/app/extensions/git/dist/main.js:2:1467127)
	at f.invoke (/Applications/Visual Studio Code.app/Contents/Resources/app/out/vs/workbench/api/node/extensionHostProcess.js:63:145)
	at g.deliver (/Applications/Visual Studio Code.app/Contents/Resources/app/out/vs/workbench/api/node/extensionHostProcess.js:63:2066)
	at h.fire (/Applications/Visual Studio Code.app/Contents/Resources/app/out/vs/workbench/api/node/extensionHostProcess.js:63:1704)
	at Object.m [as dispose] (/Applications/Visual Studio Code.app/Contents/Resources/app/extensions/git/dist/main.js:2:1481856)
	at /Applications/Visual Studio Code.app/Contents/Resources/app/extensions/git/dist/main.js:2:1485923
	at Array.forEach (<anonymous>)
	at g.dispose (/Applications/Visual Studio Code.app/Contents/Resources/app/extensions/git/dist/main.js:2:1485909)
	at C.<anonymous> (/Applications/Visual Studio Code.app/Contents/Resources/app/out/vs/workbench/api/node/extensionHostProcess.js:94:12431)
	at C.dispose (/Applications/Visual Studio Code.app/Contents/Resources/app/out/vs/workbench/api/node/extensionHostProcess.js:94:12566)
	at C.<anonymous> (/Applications/Visual Studio Code.app/Contents/Resources/app/extensions/git/dist/main.js:2:1469257)
	at C.dispose (/Applications/Visual Studio Code.app/Contents/Resources/app/out/vs/workbench/api/node/extensionHostProcess.js:94:12566)
	at k (/Applications/Visual Studio Code.app/Contents/Resources/app/out/vs/workbench/api/node/extensionHostProcess.js:10:12074)
	at f.X (/Applications/Visual Studio Code.app/Contents/Resources/app/out/vs/workbench/api/node/extensionHostProcess.js:108:11284)
	at /Applications/Visual Studio Code.app/Contents/Resources/app/out/vs/workbench/api/node/extensionHostProcess.js:108:9088
	at Array.map (<anonymous>)
	at f.Q (/Applications/Visual Studio Code.app/Contents/Resources/app/out/vs/workbench/api/node/extensionHostProcess.js:108:9075)
	at f.terminate (/Applications/Visual Studio Code.app/Contents/Resources/app/out/vs/workbench/api/node/extensionHostProcess.js:108:9347)
	at u.terminate (/Applications/Visual Studio Code.app/Contents/Resources/app/out/vs/workbench/api/node/extensionHostProcess.js:112:1397)
	at p (/Applications/Visual Studio Code.app/Contents/Resources/app/out/vs/workbench/api/node/extensionHostProcess.js:122:18592)
	at MessagePortMain.<anonymous> (/Applications/Visual Studio Code.app/Contents/Resources/app/out/vs/workbench/api/node/extensionHostProcess.js:122:14731)
	at MessagePortMain.emit (node:events:526:28)
	at MessagePortMain._internalPort.emit (node:electron/js2c/utility_init:5:364) setContext undefined
2023-03-08 16:19:04.790 [info] Extension host with pid 2789 exiting with code 0
